CRITICAL - 2023-05-23 11:35:45 --> Undefined array key "name"
in APPPATH\Views\dashboard.php on line 63.
 1 APPPATH\Views\dashboard.php(63): CodeIgniter\Debug\Exceptions->errorHandler(2, 'Undefined array key "name"', 'D:\\wamp64\\www\\mascotas\\app\\Views\\dashboard.php', 63)
 2 SYSTEMPATH\View\View.php(213): include('D:\\wamp64\\www\\mascotas\\app\\Views\\dashboard.php')
 3 SYSTEMPATH\View\View.php(216): CodeIgniter\View\View->CodeIgniter\View\{closure}()
 4 SYSTEMPATH\Common.php(1184): CodeIgniter\View\View->render('dashboard', [], true)
 5 APPPATH\Controllers\dashboardController.php(13): view('dashboard', [...])
 6 SYSTEMPATH\CodeIgniter.php(934): App\Controllers\dashboardController->index()
 7 SYSTEMPATH\CodeIgniter.php(499): CodeIgniter\CodeIgniter->runController(Object(App\Controllers\dashboardController))
 8 SYSTEMPATH\CodeIgniter.php(368): CodeIgniter\CodeIgniter->handleRequest(null, Object(Config\Cache), false)
 9 FCPATH\index.php(67): CodeIgniter\CodeIgniter->run()
CRITICAL - 2023-05-23 11:35:50 --> Undefined array key "name"
in APPPATH\Views\dashboard.php on line 63.
 1 APPPATH\Views\dashboard.php(63): CodeIgniter\Debug\Exceptions->errorHandler(2, 'Undefined array key "name"', 'D:\\wamp64\\www\\mascotas\\app\\Views\\dashboard.php', 63)
 2 SYSTEMPATH\View\View.php(213): include('D:\\wamp64\\www\\mascotas\\app\\Views\\dashboard.php')
 3 SYSTEMPATH\View\View.php(216): CodeIgniter\View\View->CodeIgniter\View\{closure}()
 4 SYSTEMPATH\Common.php(1184): CodeIgniter\View\View->render('dashboard', [], true)
 5 APPPATH\Controllers\dashboardController.php(13): view('dashboard', [...])
 6 SYSTEMPATH\CodeIgniter.php(934): App\Controllers\dashboardController->index()
 7 SYSTEMPATH\CodeIgniter.php(499): CodeIgniter\CodeIgniter->runController(Object(App\Controllers\dashboardController))
 8 SYSTEMPATH\CodeIgniter.php(368): CodeIgniter\CodeIgniter->handleRequest(null, Object(Config\Cache), false)
 9 FCPATH\index.php(67): CodeIgniter\CodeIgniter->run()
CRITICAL - 2023-05-23 12:12:25 --> Class "App\Controllers\PublicacionModel" not found
in APPPATH\Controllers\publicacionController.php on line 99.
 1 SYSTEMPATH\CodeIgniter.php(934): App\Controllers\publicacionController->misPublicaciones()
 2 SYSTEMPATH\CodeIgniter.php(499): CodeIgniter\CodeIgniter->runController(Object(App\Controllers\publicacionController))
 3 SYSTEMPATH\CodeIgniter.php(368): CodeIgniter\CodeIgniter->handleRequest(null, Object(Config\Cache), false)
 4 FCPATH\index.php(67): CodeIgniter\CodeIgniter->run()
CRITICAL - 2023-05-23 12:13:04 --> Class "App\Controllers\PublicacionModel" not found
in APPPATH\Controllers\publicacionController.php on line 99.
 1 SYSTEMPATH\CodeIgniter.php(934): App\Controllers\publicacionController->misPublicaciones()
 2 SYSTEMPATH\CodeIgniter.php(499): CodeIgniter\CodeIgniter->runController(Object(App\Controllers\publicacionController))
 3 SYSTEMPATH\CodeIgniter.php(368): CodeIgniter\CodeIgniter->handleRequest(null, Object(Config\Cache), false)
 4 FCPATH\index.php(67): CodeIgniter\CodeIgniter->run()
CRITICAL - 2023-05-23 12:13:58 --> Class "App\Controllers\PublicacionModel" not found
in APPPATH\Controllers\publicacionController.php on line 99.
 1 SYSTEMPATH\CodeIgniter.php(934): App\Controllers\publicacionController->misPublicaciones()
 2 SYSTEMPATH\CodeIgniter.php(499): CodeIgniter\CodeIgniter->runController(Object(App\Controllers\publicacionController))
 3 SYSTEMPATH\CodeIgniter.php(368): CodeIgniter\CodeIgniter->handleRequest(null, Object(Config\Cache), false)
 4 FCPATH\index.php(67): CodeIgniter\CodeIgniter->run()
CRITICAL - 2023-05-23 12:17:08 --> Array to string conversion
in APPPATH\Models\mascotasModel.php on line 44.
 1 APPPATH\Models\mascotasModel.php(44): CodeIgniter\Debug\Exceptions->errorHandler(2, 'Array to string conversion', 'D:\\wamp64\\www\\mascotas\\app\\Models\\mascotasModel.php', 44)
 2 APPPATH\Controllers\publicacionController.php(100): App\Models\mascotasModel->misPublicaciones([...])
 3 SYSTEMPATH\CodeIgniter.php(934): App\Controllers\publicacionController->misPublicaciones()
 4 SYSTEMPATH\CodeIgniter.php(499): CodeIgniter\CodeIgniter->runController(Object(App\Controllers\publicacionController))
 5 SYSTEMPATH\CodeIgniter.php(368): CodeIgniter\CodeIgniter->handleRequest(null, Object(Config\Cache), false)
 6 FCPATH\index.php(67): CodeIgniter\CodeIgniter->run()
CRITICAL - 2023-05-23 12:17:39 --> Array to string conversion
in APPPATH\Models\mascotasModel.php on line 44.
 1 APPPATH\Models\mascotasModel.php(44): CodeIgniter\Debug\Exceptions->errorHandler(2, 'Array to string conversion', 'D:\\wamp64\\www\\mascotas\\app\\Models\\mascotasModel.php', 44)
 2 APPPATH\Controllers\publicacionController.php(100): App\Models\mascotasModel->misPublicaciones([...])
 3 SYSTEMPATH\CodeIgniter.php(934): App\Controllers\publicacionController->misPublicaciones()
 4 SYSTEMPATH\CodeIgniter.php(499): CodeIgniter\CodeIgniter->runController(Object(App\Controllers\publicacionController))
 5 SYSTEMPATH\CodeIgniter.php(368): CodeIgniter\CodeIgniter->handleRequest(null, Object(Config\Cache), false)
 6 FCPATH\index.php(67): CodeIgniter\CodeIgniter->run()
CRITICAL - 2023-05-23 12:17:43 --> Array to string conversion
in APPPATH\Models\mascotasModel.php on line 44.
 1 APPPATH\Models\mascotasModel.php(44): CodeIgniter\Debug\Exceptions->errorHandler(2, 'Array to string conversion', 'D:\\wamp64\\www\\mascotas\\app\\Models\\mascotasModel.php', 44)
 2 APPPATH\Controllers\publicacionController.php(100): App\Models\mascotasModel->misPublicaciones([...])
 3 SYSTEMPATH\CodeIgniter.php(934): App\Controllers\publicacionController->misPublicaciones()
 4 SYSTEMPATH\CodeIgniter.php(499): CodeIgniter\CodeIgniter->runController(Object(App\Controllers\publicacionController))
 5 SYSTEMPATH\CodeIgniter.php(368): CodeIgniter\CodeIgniter->handleRequest(null, Object(Config\Cache), false)
 6 FCPATH\index.php(67): CodeIgniter\CodeIgniter->run()
CRITICAL - 2023-05-23 12:18:11 --> Array to string conversion
in APPPATH\Models\mascotasModel.php on line 44.
 1 APPPATH\Models\mascotasModel.php(44): CodeIgniter\Debug\Exceptions->errorHandler(2, 'Array to string conversion', 'D:\\wamp64\\www\\mascotas\\app\\Models\\mascotasModel.php', 44)
 2 APPPATH\Controllers\publicacionController.php(97): App\Models\mascotasModel->misPublicaciones([...])
 3 SYSTEMPATH\CodeIgniter.php(934): App\Controllers\publicacionController->misPublicaciones()
 4 SYSTEMPATH\CodeIgniter.php(499): CodeIgniter\CodeIgniter->runController(Object(App\Controllers\publicacionController))
 5 SYSTEMPATH\CodeIgniter.php(368): CodeIgniter\CodeIgniter->handleRequest(null, Object(Config\Cache), false)
 6 FCPATH\index.php(67): CodeIgniter\CodeIgniter->run()
CRITICAL - 2023-05-23 12:18:21 --> Array to string conversion
in APPPATH\Models\mascotasModel.php on line 44.
 1 APPPATH\Models\mascotasModel.php(44): CodeIgniter\Debug\Exceptions->errorHandler(2, 'Array to string conversion', 'D:\\wamp64\\www\\mascotas\\app\\Models\\mascotasModel.php', 44)
 2 APPPATH\Controllers\publicacionController.php(97): App\Models\mascotasModel->misPublicaciones([...])
 3 SYSTEMPATH\CodeIgniter.php(934): App\Controllers\publicacionController->misPublicaciones()
 4 SYSTEMPATH\CodeIgniter.php(499): CodeIgniter\CodeIgniter->runController(Object(App\Controllers\publicacionController))
 5 SYSTEMPATH\CodeIgniter.php(368): CodeIgniter\CodeIgniter->handleRequest(null, Object(Config\Cache), false)
 6 FCPATH\index.php(67): CodeIgniter\CodeIgniter->run()
CRITICAL - 2023-05-23 12:18:51 --> Array to string conversion
in APPPATH\Models\mascotasModel.php on line 44.
 1 APPPATH\Models\mascotasModel.php(44): CodeIgniter\Debug\Exceptions->errorHandler(2, 'Array to string conversion', 'D:\\wamp64\\www\\mascotas\\app\\Models\\mascotasModel.php', 44)
 2 APPPATH\Controllers\publicacionController.php(97): App\Models\mascotasModel->misPublicaciones([...])
 3 SYSTEMPATH\CodeIgniter.php(934): App\Controllers\publicacionController->misPublicaciones()
 4 SYSTEMPATH\CodeIgniter.php(499): CodeIgniter\CodeIgniter->runController(Object(App\Controllers\publicacionController))
 5 SYSTEMPATH\CodeIgniter.php(368): CodeIgniter\CodeIgniter->handleRequest(null, Object(Config\Cache), false)
 6 FCPATH\index.php(67): CodeIgniter\CodeIgniter->run()
CRITICAL - 2023-05-23 12:23:37 --> Array to string conversion
in APPPATH\Models\mascotasModel.php on line 45.
 1 APPPATH\Models\mascotasModel.php(45): CodeIgniter\Debug\Exceptions->errorHandler(2, 'Array to string conversion', 'D:\\wamp64\\www\\mascotas\\app\\Models\\mascotasModel.php', 45)
 2 APPPATH\Controllers\publicacionController.php(97): App\Models\mascotasModel->misPublicaciones([...])
 3 SYSTEMPATH\CodeIgniter.php(934): App\Controllers\publicacionController->misPublicaciones()
 4 SYSTEMPATH\CodeIgniter.php(499): CodeIgniter\CodeIgniter->runController(Object(App\Controllers\publicacionController))
 5 SYSTEMPATH\CodeIgniter.php(368): CodeIgniter\CodeIgniter->handleRequest(null, Object(Config\Cache), false)
 6 FCPATH\index.php(67): CodeIgniter\CodeIgniter->run()
CRITICAL - 2023-05-23 12:24:10 --> Array to string conversion
in APPPATH\Models\mascotasModel.php on line 45.
 1 APPPATH\Models\mascotasModel.php(45): CodeIgniter\Debug\Exceptions->errorHandler(2, 'Array to string conversion', 'D:\\wamp64\\www\\mascotas\\app\\Models\\mascotasModel.php', 45)
 2 APPPATH\Controllers\publicacionController.php(97): App\Models\mascotasModel->misPublicaciones([...])
 3 SYSTEMPATH\CodeIgniter.php(934): App\Controllers\publicacionController->misPublicaciones()
 4 SYSTEMPATH\CodeIgniter.php(499): CodeIgniter\CodeIgniter->runController(Object(App\Controllers\publicacionController))
 5 SYSTEMPATH\CodeIgniter.php(368): CodeIgniter\CodeIgniter->handleRequest(null, Object(Config\Cache), false)
 6 FCPATH\index.php(67): CodeIgniter\CodeIgniter->run()
CRITICAL - 2023-05-23 13:41:33 --> Undefined variable $idUser
in APPPATH\Models\mascotasModel.php on line 55.
 1 APPPATH\Models\mascotasModel.php(55): CodeIgniter\Debug\Exceptions->errorHandler(2, 'Undefined variable $idUser', 'D:\\wamp64\\www\\mascotas\\app\\Models\\mascotasModel.php', 55)
 2 APPPATH\Controllers\publicacionController.php(109): App\Models\mascotasModel->allPosts()
 3 SYSTEMPATH\CodeIgniter.php(934): App\Controllers\publicacionController->allPosts()
 4 SYSTEMPATH\CodeIgniter.php(499): CodeIgniter\CodeIgniter->runController(Object(App\Controllers\publicacionController))
 5 SYSTEMPATH\CodeIgniter.php(368): CodeIgniter\CodeIgniter->handleRequest(null, Object(Config\Cache), false)
 6 FCPATH\index.php(67): CodeIgniter\CodeIgniter->run()
CRITICAL - 2023-05-23 15:16:47 --> Undefined variable $error
in APPPATH\Views\newlogin.php on line 196.
 1 APPPATH\Views\newlogin.php(196): CodeIgniter\Debug\Exceptions->errorHandler(2, 'Undefined variable $error', 'D:\\wamp64\\www\\mascotas\\app\\Views\\newlogin.php', 196)
 2 SYSTEMPATH\View\View.php(213): include('D:\\wamp64\\www\\mascotas\\app\\Views\\newlogin.php')
 3 SYSTEMPATH\View\View.php(216): CodeIgniter\View\View->CodeIgniter\View\{closure}()
 4 SYSTEMPATH\Common.php(1184): CodeIgniter\View\View->render('newlogin', [], true)
 5 APPPATH\Controllers\login.php(17): view('newlogin')
 6 SYSTEMPATH\CodeIgniter.php(934): App\Controllers\Login->index()
 7 SYSTEMPATH\CodeIgniter.php(499): CodeIgniter\CodeIgniter->runController(Object(App\Controllers\Login))
 8 SYSTEMPATH\CodeIgniter.php(368): CodeIgniter\CodeIgniter->handleRequest(null, Object(Config\Cache), false)
 9 FCPATH\index.php(67): CodeIgniter\CodeIgniter->run()
CRITICAL - 2023-05-23 15:55:54 --> Undefined array key "user_id"
in APPPATH\Models\mascotasModel.php on line 44.
 1 APPPATH\Models\mascotasModel.php(44): CodeIgniter\Debug\Exceptions->errorHandler(2, 'Undefined array key "user_id"', 'D:\\wamp64\\www\\mascotas\\app\\Models\\mascotasModel.php', 44)
 2 APPPATH\Controllers\publicacionController.php(97): App\Models\mascotasModel->misPublicaciones([...])
 3 SYSTEMPATH\CodeIgniter.php(934): App\Controllers\publicacionController->misPublicaciones()
 4 SYSTEMPATH\CodeIgniter.php(499): CodeIgniter\CodeIgniter->runController(Object(App\Controllers\publicacionController))
 5 SYSTEMPATH\CodeIgniter.php(368): CodeIgniter\CodeIgniter->handleRequest(null, Object(Config\Cache), false)
 6 FCPATH\index.php(67): CodeIgniter\CodeIgniter->run()
CRITICAL - 2023-05-23 16:07:24 --> Undefined array key "user_id"
in APPPATH\Models\mascotasModel.php on line 44.
 1 APPPATH\Models\mascotasModel.php(44): CodeIgniter\Debug\Exceptions->errorHandler(2, 'Undefined array key "user_id"', 'D:\\wamp64\\www\\mascotas\\app\\Models\\mascotasModel.php', 44)
 2 APPPATH\Controllers\publicacionController.php(97): App\Models\mascotasModel->misPublicaciones([...])
 3 SYSTEMPATH\CodeIgniter.php(934): App\Controllers\publicacionController->misPublicaciones()
 4 SYSTEMPATH\CodeIgniter.php(499): CodeIgniter\CodeIgniter->runController(Object(App\Controllers\publicacionController))
 5 SYSTEMPATH\CodeIgniter.php(368): CodeIgniter\CodeIgniter->handleRequest(null, Object(Config\Cache), false)
 6 FCPATH\index.php(67): CodeIgniter\CodeIgniter->run()
CRITICAL - 2023-05-23 16:11:41 --> Undefined array key "user_id"
in APPPATH\Models\mascotasModel.php on line 44.
 1 APPPATH\Models\mascotasModel.php(44): CodeIgniter\Debug\Exceptions->errorHandler(2, 'Undefined array key "user_id"', 'D:\\wamp64\\www\\mascotas\\app\\Models\\mascotasModel.php', 44)
 2 APPPATH\Controllers\publicacionController.php(97): App\Models\mascotasModel->misPublicaciones([...])
 3 SYSTEMPATH\CodeIgniter.php(934): App\Controllers\publicacionController->misPublicaciones()
 4 SYSTEMPATH\CodeIgniter.php(499): CodeIgniter\CodeIgniter->runController(Object(App\Controllers\publicacionController))
 5 SYSTEMPATH\CodeIgniter.php(368): CodeIgniter\CodeIgniter->handleRequest(null, Object(Config\Cache), false)
 6 FCPATH\index.php(67): CodeIgniter\CodeIgniter->run()
ERROR - 2023-05-23 16:11:45 --> Email: Unable to send email using SMTP. Your server might not be configured to send mail using this method.
ERROR - 2023-05-23 16:11:45 --> 220 smtp.gmail.com ESMTP b10-20020adfde0a000000b0030649242b72sm11445712wrm.113 - gsmtp

hello: 250-smtp.gmail.com at your service, [2a0c:5a84:b108:d800:809c:74a9:c94e:43d3]
250-SIZE 35882577
250-8BITMIME
250-AUTH LOGIN PLAIN XOAUTH2 PLAIN-CLIENTTOKEN OAUTHBEARER XOAUTH
250-ENHANCEDSTATUSCODES
250-PIPELINING
250-CHUNKING
250 SMTPUTF8

Failed to authenticate password. Error: 535-5.7.8 Username and Password not accepted. Learn more at
535 5.7.8  https://support.google.com/mail/?p=BadCredentials b10-20020adfde0a000000b0030649242b72sm11445712wrm.113 - gsmtp

ERROR - 2023-05-23 16:17:11 --> Email: Unable to send email using SMTP. Your server might not be configured to send mail using this method.
ERROR - 2023-05-23 16:17:11 --> 220 smtp.gmail.com ESMTP i7-20020a5d55c7000000b003079ed1f0a0sm11631704wrw.44 - gsmtp

hello: 250-smtp.gmail.com at your service, [2a0c:5a84:b108:d800:809c:74a9:c94e:43d3]
250-SIZE 35882577
250-8BITMIME
250-AUTH LOGIN PLAIN XOAUTH2 PLAIN-CLIENTTOKEN OAUTHBEARER XOAUTH
250-ENHANCEDSTATUSCODES
250-PIPELINING
250-CHUNKING
250 SMTPUTF8

Failed to authenticate password. Error: 535-5.7.8 Username and Password not accepted. Learn more at
535 5.7.8  https://support.google.com/mail/?p=BadCredentials i7-20020a5d55c7000000b003079ed1f0a0sm11631704wrw.44 - gsmtp

CRITICAL - 2023-05-23 16:21:17 --> Undefined property: App\Controllers\usuario::$load
in APPPATH\Controllers\usuario.php on line 65.
 1 APPPATH\Controllers\usuario.php(65): CodeIgniter\Debug\Exceptions->errorHandler(2, 'Undefined property: App\\Controllers\\usuario::$load', 'D:\\wamp64\\www\\mascotas\\app\\Controllers\\usuario.php', 65)
 2 SYSTEMPATH\CodeIgniter.php(934): App\Controllers\usuario->codigoVerif()
 3 SYSTEMPATH\CodeIgniter.php(499): CodeIgniter\CodeIgniter->runController(Object(App\Controllers\usuario))
 4 SYSTEMPATH\CodeIgniter.php(368): CodeIgniter\CodeIgniter->handleRequest(null, Object(Config\Cache), false)
 5 FCPATH\index.php(67): CodeIgniter\CodeIgniter->run()
CRITICAL - 2023-05-23 16:23:04 --> Undefined property: App\Controllers\usuario::$load
in APPPATH\Controllers\usuario.php on line 65.
 1 APPPATH\Controllers\usuario.php(65): CodeIgniter\Debug\Exceptions->errorHandler(2, 'Undefined property: App\\Controllers\\usuario::$load', 'D:\\wamp64\\www\\mascotas\\app\\Controllers\\usuario.php', 65)
 2 SYSTEMPATH\CodeIgniter.php(934): App\Controllers\usuario->codigoVerif()
 3 SYSTEMPATH\CodeIgniter.php(499): CodeIgniter\CodeIgniter->runController(Object(App\Controllers\usuario))
 4 SYSTEMPATH\CodeIgniter.php(368): CodeIgniter\CodeIgniter->handleRequest(null, Object(Config\Cache), false)
 5 FCPATH\index.php(67): CodeIgniter\CodeIgniter->run()
CRITICAL - 2023-05-23 16:35:30 --> Undefined property: App\Controllers\usuario::$load
in APPPATH\Controllers\usuario.php on line 64.
 1 APPPATH\Controllers\usuario.php(64): CodeIgniter\Debug\Exceptions->errorHandler(2, 'Undefined property: App\\Controllers\\usuario::$load', 'D:\\wamp64\\www\\mascotas\\app\\Controllers\\usuario.php', 64)
 2 SYSTEMPATH\CodeIgniter.php(934): App\Controllers\usuario->codigoVerif()
 3 SYSTEMPATH\CodeIgniter.php(499): CodeIgniter\CodeIgniter->runController(Object(App\Controllers\usuario))
 4 SYSTEMPATH\CodeIgniter.php(368): CodeIgniter\CodeIgniter->handleRequest(null, Object(Config\Cache), false)
 5 FCPATH\index.php(67): CodeIgniter\CodeIgniter->run()
CRITICAL - 2023-05-23 16:41:36 --> Message body empty
in VENDORPATH\phpmailer\phpmailer\src\PHPMailer.php on line 1604.
 1 VENDORPATH\phpmailer\phpmailer\src\PHPMailer.php(1512): PHPMailer\PHPMailer\PHPMailer->preSend()
 2 APPPATH\Controllers\usuario.php(82): PHPMailer\PHPMailer\PHPMailer->send()
 3 SYSTEMPATH\CodeIgniter.php(934): App\Controllers\usuario->codigoVerif()
 4 SYSTEMPATH\CodeIgniter.php(499): CodeIgniter\CodeIgniter->runController(Object(App\Controllers\usuario))
 5 SYSTEMPATH\CodeIgniter.php(368): CodeIgniter\CodeIgniter->handleRequest(null, Object(Config\Cache), false)
 6 FCPATH\index.php(67): CodeIgniter\CodeIgniter->run()
CRITICAL - 2023-05-23 16:51:36 --> syntax error, unexpected double-quoted string " Mensaje: ", expecting ")"
in APPPATH\Controllers\usuario.php on line 119.
 1 SYSTEMPATH\Autoloader\Autoloader.php(289): CodeIgniter\Autoloader\Autoloader->includeFile('D:\\wamp64\\www\\mascotas\\app\\Controllers\\usuario.php')
 2 SYSTEMPATH\Autoloader\Autoloader.php(267): CodeIgniter\Autoloader\Autoloader->loadInNamespace('App\\Controllers\\usuario')
 3 [internal function]: CodeIgniter\Autoloader\Autoloader->loadClass('App\\Controllers\\usuario')
 4 SYSTEMPATH\CodeIgniter.php(892): class_exists('\\App\\Controllers\\usuario', true)
 5 SYSTEMPATH\CodeIgniter.php(486): CodeIgniter\CodeIgniter->startController()
 6 SYSTEMPATH\CodeIgniter.php(368): CodeIgniter\CodeIgniter->handleRequest(null, Object(Config\Cache), false)
 7 FCPATH\index.php(67): CodeIgniter\CodeIgniter->run()
CRITICAL - 2023-05-23 16:51:41 --> syntax error, unexpected double-quoted string " Mensaje: ", expecting ")"
in APPPATH\Controllers\usuario.php on line 119.
 1 SYSTEMPATH\Autoloader\Autoloader.php(289): CodeIgniter\Autoloader\Autoloader->includeFile('D:\\wamp64\\www\\mascotas\\app\\Controllers\\usuario.php')
 2 SYSTEMPATH\Autoloader\Autoloader.php(267): CodeIgniter\Autoloader\Autoloader->loadInNamespace('App\\Controllers\\usuario')
 3 [internal function]: CodeIgniter\Autoloader\Autoloader->loadClass('App\\Controllers\\usuario')
 4 SYSTEMPATH\CodeIgniter.php(892): class_exists('\\App\\Controllers\\usuario', true)
 5 SYSTEMPATH\CodeIgniter.php(486): CodeIgniter\CodeIgniter->startController()
 6 SYSTEMPATH\CodeIgniter.php(368): CodeIgniter\CodeIgniter->handleRequest(null, Object(Config\Cache), false)
 7 FCPATH\index.php(67): CodeIgniter\CodeIgniter->run()
CRITICAL - 2023-05-23 16:52:24 --> Undefined property: App\Controllers\usuario::$load
in APPPATH\Controllers\usuario.php on line 65.
 1 APPPATH\Controllers\usuario.php(65): CodeIgniter\Debug\Exceptions->errorHandler(2, 'Undefined property: App\\Controllers\\usuario::$load', 'D:\\wamp64\\www\\mascotas\\app\\Controllers\\usuario.php', 65)
 2 SYSTEMPATH\CodeIgniter.php(934): App\Controllers\usuario->codigoVerif()
 3 SYSTEMPATH\CodeIgniter.php(499): CodeIgniter\CodeIgniter->runController(Object(App\Controllers\usuario))
 4 SYSTEMPATH\CodeIgniter.php(368): CodeIgniter\CodeIgniter->handleRequest(null, Object(Config\Cache), false)
 5 FCPATH\index.php(67): CodeIgniter\CodeIgniter->run()
CRITICAL - 2023-05-23 16:52:57 --> Undefined property: App\Controllers\usuario::$load
in APPPATH\Controllers\usuario.php on line 65.
 1 APPPATH\Controllers\usuario.php(65): CodeIgniter\Debug\Exceptions->errorHandler(2, 'Undefined property: App\\Controllers\\usuario::$load', 'D:\\wamp64\\www\\mascotas\\app\\Controllers\\usuario.php', 65)
 2 SYSTEMPATH\CodeIgniter.php(934): App\Controllers\usuario->codigoVerif()
 3 SYSTEMPATH\CodeIgniter.php(499): CodeIgniter\CodeIgniter->runController(Object(App\Controllers\usuario))
 4 SYSTEMPATH\CodeIgniter.php(368): CodeIgniter\CodeIgniter->handleRequest(null, Object(Config\Cache), false)
 5 FCPATH\index.php(67): CodeIgniter\CodeIgniter->run()
ERROR - 2023-05-23 16:56:05 --> Email: sendWithSmtp throwed ErrorException: fsockopen(): SSL operation failed with code 1. OpenSSL Error messages:
error:1408F10B:SSL routines:ssl3_get_record:wrong version number in D:\wamp64\www\mascotas\system\Email\Email.php:1868
Stack trace:
#0 [internal function]: CodeIgniter\Debug\Exceptions->errorHandler(2, 'fsockopen(): SS...', 'D:\\wamp64\\www\\m...', 1868)
#1 D:\wamp64\www\mascotas\system\Email\Email.php(1868): fsockopen('ssl://smtp.gmai...', 25, NULL, NULL, 5)
#2 D:\wamp64\www\mascotas\system\Email\Email.php(1782): CodeIgniter\Email\Email->SMTPConnect()
#3 D:\wamp64\www\mascotas\system\Email\Email.php(1667): CodeIgniter\Email\Email->sendWithSmtp()
#4 D:\wamp64\www\mascotas\system\Email\Email.php(1565): CodeIgniter\Email\Email->spoolEmail()
#5 D:\wamp64\www\mascotas\app\Controllers\usuario.php(74): CodeIgniter\Email\Email->send()
#6 D:\wamp64\www\mascotas\system\CodeIgniter.php(934): App\Controllers\usuario->codigoVerif()
#7 D:\wamp64\www\mascotas\system\CodeIgniter.php(499): CodeIgniter\CodeIgniter->runController(Object(App\Controllers\usuario))
#8 D:\wamp64\www\mascotas\system\CodeIgniter.php(368): CodeIgniter\CodeIgniter->handleRequest(NULL, Object(Config\Cache), false)
#9 D:\wamp64\www\mascotas\public\index.php(67): CodeIgniter\CodeIgniter->run()
#10 {main}
ERROR - 2023-05-23 16:56:05 --> Email: Unable to send email using SMTP. Your server might not be configured to send mail using this method.
ERROR - 2023-05-23 16:56:05 --> 
CRITICAL - 2023-05-23 18:07:01 --> Cannot call constructor
in APPPATH\Controllers\usuario.php on line 15.
 1 SYSTEMPATH\CodeIgniter.php(906): App\Controllers\usuario->__construct()
 2 SYSTEMPATH\CodeIgniter.php(490): CodeIgniter\CodeIgniter->createController()
 3 SYSTEMPATH\CodeIgniter.php(368): CodeIgniter\CodeIgniter->handleRequest(null, Object(Config\Cache), false)
 4 FCPATH\index.php(67): CodeIgniter\CodeIgniter->run()
CRITICAL - 2023-05-23 18:07:09 --> Cannot call constructor
in APPPATH\Controllers\usuario.php on line 15.
 1 SYSTEMPATH\CodeIgniter.php(906): App\Controllers\usuario->__construct()
 2 SYSTEMPATH\CodeIgniter.php(490): CodeIgniter\CodeIgniter->createController()
 3 SYSTEMPATH\CodeIgniter.php(368): CodeIgniter\CodeIgniter->handleRequest(null, Object(Config\Cache), false)
 4 FCPATH\index.php(67): CodeIgniter\CodeIgniter->run()
CRITICAL - 2023-05-23 18:07:58 --> Undefined property: App\Controllers\usuario::$phpmailer_lib
in APPPATH\Controllers\usuario.php on line 68.
 1 APPPATH\Controllers\usuario.php(68): CodeIgniter\Debug\Exceptions->errorHandler(2, 'Undefined property: App\\Controllers\\usuario::$phpmailer_lib', 'D:\\wamp64\\www\\mascotas\\app\\Controllers\\usuario.php', 68)
 2 SYSTEMPATH\CodeIgniter.php(934): App\Controllers\usuario->codigoVerif()
 3 SYSTEMPATH\CodeIgniter.php(499): CodeIgniter\CodeIgniter->runController(Object(App\Controllers\usuario))
 4 SYSTEMPATH\CodeIgniter.php(368): CodeIgniter\CodeIgniter->handleRequest(null, Object(Config\Cache), false)
 5 FCPATH\index.php(67): CodeIgniter\CodeIgniter->run()
CRITICAL - 2023-05-23 18:09:30 --> Cannot call constructor
in APPPATH\Controllers\usuario.php on line 15.
 1 SYSTEMPATH\CodeIgniter.php(906): App\Controllers\usuario->__construct()
 2 SYSTEMPATH\CodeIgniter.php(490): CodeIgniter\CodeIgniter->createController()
 3 SYSTEMPATH\CodeIgniter.php(368): CodeIgniter\CodeIgniter->handleRequest(null, Object(Config\Cache), false)
 4 FCPATH\index.php(67): CodeIgniter\CodeIgniter->run()
CRITICAL - 2023-05-23 18:10:38 --> Cannot call constructor
in APPPATH\Controllers\usuario.php on line 15.
 1 SYSTEMPATH\CodeIgniter.php(906): App\Controllers\usuario->__construct()
 2 SYSTEMPATH\CodeIgniter.php(490): CodeIgniter\CodeIgniter->createController()
 3 SYSTEMPATH\CodeIgniter.php(368): CodeIgniter\CodeIgniter->handleRequest(null, Object(Config\Cache), false)
 4 FCPATH\index.php(67): CodeIgniter\CodeIgniter->run()
CRITICAL - 2023-05-23 18:11:07 --> Cannot call constructor
in APPPATH\Controllers\usuario.php on line 15.
 1 SYSTEMPATH\CodeIgniter.php(906): App\Controllers\usuario->__construct()
 2 SYSTEMPATH\CodeIgniter.php(490): CodeIgniter\CodeIgniter->createController()
 3 SYSTEMPATH\CodeIgniter.php(368): CodeIgniter\CodeIgniter->handleRequest(null, Object(Config\Cache), false)
 4 FCPATH\index.php(67): CodeIgniter\CodeIgniter->run()
CRITICAL - 2023-05-23 18:12:13 --> Cannot call constructor
in APPPATH\Controllers\usuario.php on line 15.
 1 SYSTEMPATH\CodeIgniter.php(906): App\Controllers\usuario->__construct()
 2 SYSTEMPATH\CodeIgniter.php(490): CodeIgniter\CodeIgniter->createController()
 3 SYSTEMPATH\CodeIgniter.php(368): CodeIgniter\CodeIgniter->handleRequest(null, Object(Config\Cache), false)
 4 FCPATH\index.php(67): CodeIgniter\CodeIgniter->run()
CRITICAL - 2023-05-23 18:13:23 --> Cannot call constructor
in APPPATH\Controllers\usuario.php on line 15.
 1 SYSTEMPATH\CodeIgniter.php(906): App\Controllers\usuario->__construct()
 2 SYSTEMPATH\CodeIgniter.php(490): CodeIgniter\CodeIgniter->createController()
 3 SYSTEMPATH\CodeIgniter.php(368): CodeIgniter\CodeIgniter->handleRequest(null, Object(Config\Cache), false)
 4 FCPATH\index.php(67): CodeIgniter\CodeIgniter->run()
CRITICAL - 2023-05-23 18:22:27 --> Cannot call constructor
in APPPATH\Controllers\usuario.php on line 15.
 1 SYSTEMPATH\CodeIgniter.php(906): App\Controllers\usuario->__construct()
 2 SYSTEMPATH\CodeIgniter.php(490): CodeIgniter\CodeIgniter->createController()
 3 SYSTEMPATH\CodeIgniter.php(368): CodeIgniter\CodeIgniter->handleRequest(null, Object(Config\Cache), false)
 4 FCPATH\index.php(67): CodeIgniter\CodeIgniter->run()
CRITICAL - 2023-05-23 18:23:02 --> Cannot call constructor
in APPPATH\Controllers\usuario.php on line 15.
 1 SYSTEMPATH\CodeIgniter.php(906): App\Controllers\usuario->__construct()
 2 SYSTEMPATH\CodeIgniter.php(490): CodeIgniter\CodeIgniter->createController()
 3 SYSTEMPATH\CodeIgniter.php(368): CodeIgniter\CodeIgniter->handleRequest(null, Object(Config\Cache), false)
 4 FCPATH\index.php(67): CodeIgniter\CodeIgniter->run()
CRITICAL - 2023-05-23 18:23:45 --> Undefined variable $mail
in APPPATH\Controllers\usuario.php on line 73.
 1 APPPATH\Controllers\usuario.php(73): CodeIgniter\Debug\Exceptions->errorHandler(2, 'Undefined variable $mail', 'D:\\wamp64\\www\\mascotas\\app\\Controllers\\usuario.php', 73)
 2 SYSTEMPATH\CodeIgniter.php(934): App\Controllers\usuario->codigoVerif()
 3 SYSTEMPATH\CodeIgniter.php(499): CodeIgniter\CodeIgniter->runController(Object(App\Controllers\usuario))
 4 SYSTEMPATH\CodeIgniter.php(368): CodeIgniter\CodeIgniter->handleRequest(null, Object(Config\Cache), false)
 5 FCPATH\index.php(67): CodeIgniter\CodeIgniter->run()
CRITICAL - 2023-05-23 18:24:03 --> Undefined property: App\Controllers\usuario::$Phpmailer_lib
in APPPATH\Controllers\usuario.php on line 71.
 1 APPPATH\Controllers\usuario.php(71): CodeIgniter\Debug\Exceptions->errorHandler(2, 'Undefined property: App\\Controllers\\usuario::$Phpmailer_lib', 'D:\\wamp64\\www\\mascotas\\app\\Controllers\\usuario.php', 71)
 2 SYSTEMPATH\CodeIgniter.php(934): App\Controllers\usuario->codigoVerif()
 3 SYSTEMPATH\CodeIgniter.php(499): CodeIgniter\CodeIgniter->runController(Object(App\Controllers\usuario))
 4 SYSTEMPATH\CodeIgniter.php(368): CodeIgniter\CodeIgniter->handleRequest(null, Object(Config\Cache), false)
 5 FCPATH\index.php(67): CodeIgniter\CodeIgniter->run()
CRITICAL - 2023-05-23 18:24:06 --> Undefined property: App\Controllers\usuario::$Phpmailer_lib
in APPPATH\Controllers\usuario.php on line 71.
 1 APPPATH\Controllers\usuario.php(71): CodeIgniter\Debug\Exceptions->errorHandler(2, 'Undefined property: App\\Controllers\\usuario::$Phpmailer_lib', 'D:\\wamp64\\www\\mascotas\\app\\Controllers\\usuario.php', 71)
 2 SYSTEMPATH\CodeIgniter.php(934): App\Controllers\usuario->codigoVerif()
 3 SYSTEMPATH\CodeIgniter.php(499): CodeIgniter\CodeIgniter->runController(Object(App\Controllers\usuario))
 4 SYSTEMPATH\CodeIgniter.php(368): CodeIgniter\CodeIgniter->handleRequest(null, Object(Config\Cache), false)
 5 FCPATH\index.php(67): CodeIgniter\CodeIgniter->run()
CRITICAL - 2023-05-23 18:25:05 --> Undefined property: App\Controllers\usuario::$Phpmailer_lib
in APPPATH\Controllers\usuario.php on line 71.
 1 APPPATH\Controllers\usuario.php(71): CodeIgniter\Debug\Exceptions->errorHandler(2, 'Undefined property: App\\Controllers\\usuario::$Phpmailer_lib', 'D:\\wamp64\\www\\mascotas\\app\\Controllers\\usuario.php', 71)
 2 SYSTEMPATH\CodeIgniter.php(934): App\Controllers\usuario->codigoVerif()
 3 SYSTEMPATH\CodeIgniter.php(499): CodeIgniter\CodeIgniter->runController(Object(App\Controllers\usuario))
 4 SYSTEMPATH\CodeIgniter.php(368): CodeIgniter\CodeIgniter->handleRequest(null, Object(Config\Cache), false)
 5 FCPATH\index.php(67): CodeIgniter\CodeIgniter->run()
CRITICAL - 2023-05-23 18:25:27 --> Undefined property: App\Controllers\usuario::$Phpmailer_lib
in APPPATH\Controllers\usuario.php on line 71.
 1 APPPATH\Controllers\usuario.php(71): CodeIgniter\Debug\Exceptions->errorHandler(2, 'Undefined property: App\\Controllers\\usuario::$Phpmailer_lib', 'D:\\wamp64\\www\\mascotas\\app\\Controllers\\usuario.php', 71)
 2 SYSTEMPATH\CodeIgniter.php(934): App\Controllers\usuario->codigoVerif()
 3 SYSTEMPATH\CodeIgniter.php(499): CodeIgniter\CodeIgniter->runController(Object(App\Controllers\usuario))
 4 SYSTEMPATH\CodeIgniter.php(368): CodeIgniter\CodeIgniter->handleRequest(null, Object(Config\Cache), false)
 5 FCPATH\index.php(67): CodeIgniter\CodeIgniter->run()
CRITICAL - 2023-05-23 18:26:57 --> Undefined property: App\Controllers\usuario::$Phpmailer_lib
in APPPATH\Controllers\usuario.php on line 71.
 1 APPPATH\Controllers\usuario.php(71): CodeIgniter\Debug\Exceptions->errorHandler(2, 'Undefined property: App\\Controllers\\usuario::$Phpmailer_lib', 'D:\\wamp64\\www\\mascotas\\app\\Controllers\\usuario.php', 71)
 2 SYSTEMPATH\CodeIgniter.php(934): App\Controllers\usuario->codigoVerif()
 3 SYSTEMPATH\CodeIgniter.php(499): CodeIgniter\CodeIgniter->runController(Object(App\Controllers\usuario))
 4 SYSTEMPATH\CodeIgniter.php(368): CodeIgniter\CodeIgniter->handleRequest(null, Object(Config\Cache), false)
 5 FCPATH\index.php(67): CodeIgniter\CodeIgniter->run()
CRITICAL - 2023-05-23 18:28:10 --> Undefined property: App\Controllers\usuario::$Phpmailer_lib
in APPPATH\Controllers\usuario.php on line 71.
 1 APPPATH\Controllers\usuario.php(71): CodeIgniter\Debug\Exceptions->errorHandler(2, 'Undefined property: App\\Controllers\\usuario::$Phpmailer_lib', 'D:\\wamp64\\www\\mascotas\\app\\Controllers\\usuario.php', 71)
 2 SYSTEMPATH\CodeIgniter.php(934): App\Controllers\usuario->codigoVerif()
 3 SYSTEMPATH\CodeIgniter.php(499): CodeIgniter\CodeIgniter->runController(Object(App\Controllers\usuario))
 4 SYSTEMPATH\CodeIgniter.php(368): CodeIgniter\CodeIgniter->handleRequest(null, Object(Config\Cache), false)
 5 FCPATH\index.php(67): CodeIgniter\CodeIgniter->run()
CRITICAL - 2023-05-23 18:28:18 --> Undefined variable $mail
in APPPATH\Controllers\usuario.php on line 72.
 1 APPPATH\Controllers\usuario.php(72): CodeIgniter\Debug\Exceptions->errorHandler(2, 'Undefined variable $mail', 'D:\\wamp64\\www\\mascotas\\app\\Controllers\\usuario.php', 72)
 2 SYSTEMPATH\CodeIgniter.php(934): App\Controllers\usuario->codigoVerif()
 3 SYSTEMPATH\CodeIgniter.php(499): CodeIgniter\CodeIgniter->runController(Object(App\Controllers\usuario))
 4 SYSTEMPATH\CodeIgniter.php(368): CodeIgniter\CodeIgniter->handleRequest(null, Object(Config\Cache), false)
 5 FCPATH\index.php(67): CodeIgniter\CodeIgniter->run()
ERROR - 2023-05-23 18:29:11 --> Email: sendWithSmtp throwed ErrorException: fsockopen(): SSL operation failed with code 1. OpenSSL Error messages:
error:1408F10B:SSL routines:ssl3_get_record:wrong version number in D:\wamp64\www\mascotas\system\Email\Email.php:1868
Stack trace:
#0 [internal function]: CodeIgniter\Debug\Exceptions->errorHandler(2, 'fsockopen(): SS...', 'D:\\wamp64\\www\\m...', 1868)
#1 D:\wamp64\www\mascotas\system\Email\Email.php(1868): fsockopen('ssl://smtp.gmai...', 25, NULL, NULL, 5)
#2 D:\wamp64\www\mascotas\system\Email\Email.php(1782): CodeIgniter\Email\Email->SMTPConnect()
#3 D:\wamp64\www\mascotas\system\Email\Email.php(1667): CodeIgniter\Email\Email->sendWithSmtp()
#4 D:\wamp64\www\mascotas\system\Email\Email.php(1565): CodeIgniter\Email\Email->spoolEmail()
#5 D:\wamp64\www\mascotas\app\Controllers\usuario.php(77): CodeIgniter\Email\Email->send()
#6 D:\wamp64\www\mascotas\system\CodeIgniter.php(934): App\Controllers\usuario->codigoVerif()
#7 D:\wamp64\www\mascotas\system\CodeIgniter.php(499): CodeIgniter\CodeIgniter->runController(Object(App\Controllers\usuario))
#8 D:\wamp64\www\mascotas\system\CodeIgniter.php(368): CodeIgniter\CodeIgniter->handleRequest(NULL, Object(Config\Cache), false)
#9 D:\wamp64\www\mascotas\public\index.php(67): CodeIgniter\CodeIgniter->run()
#10 {main}
ERROR - 2023-05-23 18:29:11 --> Email: Unable to send email using SMTP. Your server might not be configured to send mail using this method.
ERROR - 2023-05-23 18:29:11 --> 
CRITICAL - 2023-05-23 18:30:31 --> Unmatched '}'
in APPPATH\Controllers\usuario.php on line 93.
 1 SYSTEMPATH\Autoloader\Autoloader.php(289): CodeIgniter\Autoloader\Autoloader->includeFile('D:\\wamp64\\www\\mascotas\\app\\Controllers\\usuario.php')
 2 SYSTEMPATH\Autoloader\Autoloader.php(267): CodeIgniter\Autoloader\Autoloader->loadInNamespace('App\\Controllers\\usuario')
 3 [internal function]: CodeIgniter\Autoloader\Autoloader->loadClass('App\\Controllers\\usuario')
 4 SYSTEMPATH\CodeIgniter.php(892): class_exists('\\App\\Controllers\\usuario', true)
 5 SYSTEMPATH\CodeIgniter.php(486): CodeIgniter\CodeIgniter->startController()
 6 SYSTEMPATH\CodeIgniter.php(368): CodeIgniter\CodeIgniter->handleRequest(null, Object(Config\Cache), false)
 7 FCPATH\index.php(67): CodeIgniter\CodeIgniter->run()
CRITICAL - 2023-05-23 18:31:09 --> Unmatched '}'
in APPPATH\Controllers\usuario.php on line 93.
 1 SYSTEMPATH\Autoloader\Autoloader.php(289): CodeIgniter\Autoloader\Autoloader->includeFile('D:\\wamp64\\www\\mascotas\\app\\Controllers\\usuario.php')
 2 SYSTEMPATH\Autoloader\Autoloader.php(267): CodeIgniter\Autoloader\Autoloader->loadInNamespace('App\\Controllers\\usuario')
 3 [internal function]: CodeIgniter\Autoloader\Autoloader->loadClass('App\\Controllers\\usuario')
 4 SYSTEMPATH\CodeIgniter.php(892): class_exists('\\App\\Controllers\\usuario', true)
 5 SYSTEMPATH\CodeIgniter.php(486): CodeIgniter\CodeIgniter->startController()
 6 SYSTEMPATH\CodeIgniter.php(368): CodeIgniter\CodeIgniter->handleRequest(null, Object(Config\Cache), false)
 7 FCPATH\index.php(67): CodeIgniter\CodeIgniter->run()
ERROR - 2023-05-23 18:31:28 --> Email: sendWithSmtp throwed ErrorException: fsockopen(): SSL operation failed with code 1. OpenSSL Error messages:
error:1408F10B:SSL routines:ssl3_get_record:wrong version number in D:\wamp64\www\mascotas\system\Email\Email.php:1868
Stack trace:
#0 [internal function]: CodeIgniter\Debug\Exceptions->errorHandler(2, 'fsockopen(): SS...', 'D:\\wamp64\\www\\m...', 1868)
#1 D:\wamp64\www\mascotas\system\Email\Email.php(1868): fsockopen('ssl://smtp.gmai...', 25, NULL, NULL, 5)
#2 D:\wamp64\www\mascotas\system\Email\Email.php(1782): CodeIgniter\Email\Email->SMTPConnect()
#3 D:\wamp64\www\mascotas\system\Email\Email.php(1667): CodeIgniter\Email\Email->sendWithSmtp()
#4 D:\wamp64\www\mascotas\system\Email\Email.php(1565): CodeIgniter\Email\Email->spoolEmail()
#5 D:\wamp64\www\mascotas\app\Controllers\usuario.php(78): CodeIgniter\Email\Email->send()
#6 D:\wamp64\www\mascotas\system\CodeIgniter.php(934): App\Controllers\usuario->codigoVerif()
#7 D:\wamp64\www\mascotas\system\CodeIgniter.php(499): CodeIgniter\CodeIgniter->runController(Object(App\Controllers\usuario))
#8 D:\wamp64\www\mascotas\system\CodeIgniter.php(368): CodeIgniter\CodeIgniter->handleRequest(NULL, Object(Config\Cache), false)
#9 D:\wamp64\www\mascotas\public\index.php(67): CodeIgniter\CodeIgniter->run()
#10 {main}
ERROR - 2023-05-23 18:31:28 --> Email: Unable to send email using SMTP. Your server might not be configured to send mail using this method.
ERROR - 2023-05-23 18:31:28 --> 
ERROR - 2023-05-23 18:32:33 --> Email: sendWithSmtp throwed ErrorException: fsockopen(): SSL operation failed with code 1. OpenSSL Error messages:
error:1408F10B:SSL routines:ssl3_get_record:wrong version number in D:\wamp64\www\mascotas\system\Email\Email.php:1868
Stack trace:
#0 [internal function]: CodeIgniter\Debug\Exceptions->errorHandler(2, 'fsockopen(): SS...', 'D:\\wamp64\\www\\m...', 1868)
#1 D:\wamp64\www\mascotas\system\Email\Email.php(1868): fsockopen('ssl://smtp.gmai...', 587, NULL, NULL, 5)
#2 D:\wamp64\www\mascotas\system\Email\Email.php(1782): CodeIgniter\Email\Email->SMTPConnect()
#3 D:\wamp64\www\mascotas\system\Email\Email.php(1667): CodeIgniter\Email\Email->sendWithSmtp()
#4 D:\wamp64\www\mascotas\system\Email\Email.php(1565): CodeIgniter\Email\Email->spoolEmail()
#5 D:\wamp64\www\mascotas\app\Controllers\usuario.php(78): CodeIgniter\Email\Email->send()
#6 D:\wamp64\www\mascotas\system\CodeIgniter.php(934): App\Controllers\usuario->codigoVerif()
#7 D:\wamp64\www\mascotas\system\CodeIgniter.php(499): CodeIgniter\CodeIgniter->runController(Object(App\Controllers\usuario))
#8 D:\wamp64\www\mascotas\system\CodeIgniter.php(368): CodeIgniter\CodeIgniter->handleRequest(NULL, Object(Config\Cache), false)
#9 D:\wamp64\www\mascotas\public\index.php(67): CodeIgniter\CodeIgniter->run()
#10 {main}
ERROR - 2023-05-23 18:32:33 --> Email: Unable to send email using SMTP. Your server might not be configured to send mail using this method.
ERROR - 2023-05-23 18:32:33 --> 
ERROR - 2023-05-23 18:32:37 --> Email: sendWithSmtp throwed ErrorException: fsockopen(): SSL operation failed with code 1. OpenSSL Error messages:
error:1408F10B:SSL routines:ssl3_get_record:wrong version number in D:\wamp64\www\mascotas\system\Email\Email.php:1868
Stack trace:
#0 [internal function]: CodeIgniter\Debug\Exceptions->errorHandler(2, 'fsockopen(): SS...', 'D:\\wamp64\\www\\m...', 1868)
#1 D:\wamp64\www\mascotas\system\Email\Email.php(1868): fsockopen('ssl://smtp.gmai...', 587, NULL, NULL, 5)
#2 D:\wamp64\www\mascotas\system\Email\Email.php(1782): CodeIgniter\Email\Email->SMTPConnect()
#3 D:\wamp64\www\mascotas\system\Email\Email.php(1667): CodeIgniter\Email\Email->sendWithSmtp()
#4 D:\wamp64\www\mascotas\system\Email\Email.php(1565): CodeIgniter\Email\Email->spoolEmail()
#5 D:\wamp64\www\mascotas\app\Controllers\usuario.php(78): CodeIgniter\Email\Email->send()
#6 D:\wamp64\www\mascotas\system\CodeIgniter.php(934): App\Controllers\usuario->codigoVerif()
#7 D:\wamp64\www\mascotas\system\CodeIgniter.php(499): CodeIgniter\CodeIgniter->runController(Object(App\Controllers\usuario))
#8 D:\wamp64\www\mascotas\system\CodeIgniter.php(368): CodeIgniter\CodeIgniter->handleRequest(NULL, Object(Config\Cache), false)
#9 D:\wamp64\www\mascotas\public\index.php(67): CodeIgniter\CodeIgniter->run()
#10 {main}
ERROR - 2023-05-23 18:32:37 --> Email: Unable to send email using SMTP. Your server might not be configured to send mail using this method.
ERROR - 2023-05-23 18:32:37 --> 
ERROR - 2023-05-23 18:35:56 --> Email: sendWithSmtp throwed ErrorException: fsockopen(): SSL operation failed with code 1. OpenSSL Error messages:
error:1408F10B:SSL routines:ssl3_get_record:wrong version number in D:\wamp64\www\mascotas\system\Email\Email.php:1868
Stack trace:
#0 [internal function]: CodeIgniter\Debug\Exceptions->errorHandler(2, 'fsockopen(): SS...', 'D:\\wamp64\\www\\m...', 1868)
#1 D:\wamp64\www\mascotas\system\Email\Email.php(1868): fsockopen('ssl://smtp.gmai...', 587, NULL, NULL, 5)
#2 D:\wamp64\www\mascotas\system\Email\Email.php(1782): CodeIgniter\Email\Email->SMTPConnect()
#3 D:\wamp64\www\mascotas\system\Email\Email.php(1667): CodeIgniter\Email\Email->sendWithSmtp()
#4 D:\wamp64\www\mascotas\system\Email\Email.php(1565): CodeIgniter\Email\Email->spoolEmail()
#5 D:\wamp64\www\mascotas\app\Controllers\usuario.php(78): CodeIgniter\Email\Email->send()
#6 D:\wamp64\www\mascotas\system\CodeIgniter.php(934): App\Controllers\usuario->codigoVerif()
#7 D:\wamp64\www\mascotas\system\CodeIgniter.php(499): CodeIgniter\CodeIgniter->runController(Object(App\Controllers\usuario))
#8 D:\wamp64\www\mascotas\system\CodeIgniter.php(368): CodeIgniter\CodeIgniter->handleRequest(NULL, Object(Config\Cache), false)
#9 D:\wamp64\www\mascotas\public\index.php(67): CodeIgniter\CodeIgniter->run()
#10 {main}
ERROR - 2023-05-23 18:35:56 --> Email: Unable to send email using SMTP. Your server might not be configured to send mail using this method.
ERROR - 2023-05-23 18:35:56 --> 
ERROR - 2023-05-23 18:36:00 --> Email: sendWithSmtp throwed ErrorException: fsockopen(): SSL operation failed with code 1. OpenSSL Error messages:
error:1408F10B:SSL routines:ssl3_get_record:wrong version number in D:\wamp64\www\mascotas\system\Email\Email.php:1868
Stack trace:
#0 [internal function]: CodeIgniter\Debug\Exceptions->errorHandler(2, 'fsockopen(): SS...', 'D:\\wamp64\\www\\m...', 1868)
#1 D:\wamp64\www\mascotas\system\Email\Email.php(1868): fsockopen('ssl://smtp.gmai...', 587, NULL, NULL, 5)
#2 D:\wamp64\www\mascotas\system\Email\Email.php(1782): CodeIgniter\Email\Email->SMTPConnect()
#3 D:\wamp64\www\mascotas\system\Email\Email.php(1667): CodeIgniter\Email\Email->sendWithSmtp()
#4 D:\wamp64\www\mascotas\system\Email\Email.php(1565): CodeIgniter\Email\Email->spoolEmail()
#5 D:\wamp64\www\mascotas\app\Controllers\usuario.php(78): CodeIgniter\Email\Email->send()
#6 D:\wamp64\www\mascotas\system\CodeIgniter.php(934): App\Controllers\usuario->codigoVerif()
#7 D:\wamp64\www\mascotas\system\CodeIgniter.php(499): CodeIgniter\CodeIgniter->runController(Object(App\Controllers\usuario))
#8 D:\wamp64\www\mascotas\system\CodeIgniter.php(368): CodeIgniter\CodeIgniter->handleRequest(NULL, Object(Config\Cache), false)
#9 D:\wamp64\www\mascotas\public\index.php(67): CodeIgniter\CodeIgniter->run()
#10 {main}
ERROR - 2023-05-23 18:36:00 --> Email: Unable to send email using SMTP. Your server might not be configured to send mail using this method.
ERROR - 2023-05-23 18:36:00 --> 
CRITICAL - 2023-05-23 18:38:47 --> require(PHPMailer/PHPMailerAutoload.php): Failed to open stream: No such file or directory
in APPPATH\Controllers\usuario.php on line 72.
 1 APPPATH\Controllers\usuario.php(72): CodeIgniter\Debug\Exceptions->errorHandler(2, 'require(PHPMailer/PHPMailerAutoload.php): Failed to open stream: No such file or directory', 'D:\\wamp64\\www\\mascotas\\app\\Controllers\\usuario.php', 72)
 2 APPPATH\Controllers\usuario.php(72): require()
 3 SYSTEMPATH\CodeIgniter.php(934): App\Controllers\usuario->codigoVerif()
 4 SYSTEMPATH\CodeIgniter.php(499): CodeIgniter\CodeIgniter->runController(Object(App\Controllers\usuario))
 5 SYSTEMPATH\CodeIgniter.php(368): CodeIgniter\CodeIgniter->handleRequest(null, Object(Config\Cache), false)
 6 FCPATH\index.php(67): CodeIgniter\CodeIgniter->run()
CRITICAL - 2023-05-23 18:40:23 --> require(PHPMailer/PHPMailerAutoload.php): Failed to open stream: No such file or directory
in APPPATH\Controllers\usuario.php on line 72.
 1 APPPATH\Controllers\usuario.php(72): CodeIgniter\Debug\Exceptions->errorHandler(2, 'require(PHPMailer/PHPMailerAutoload.php): Failed to open stream: No such file or directory', 'D:\\wamp64\\www\\mascotas\\app\\Controllers\\usuario.php', 72)
 2 APPPATH\Controllers\usuario.php(72): require()
 3 SYSTEMPATH\CodeIgniter.php(934): App\Controllers\usuario->codigoVerif()
 4 SYSTEMPATH\CodeIgniter.php(499): CodeIgniter\CodeIgniter->runController(Object(App\Controllers\usuario))
 5 SYSTEMPATH\CodeIgniter.php(368): CodeIgniter\CodeIgniter->handleRequest(null, Object(Config\Cache), false)
 6 FCPATH\index.php(67): CodeIgniter\CodeIgniter->run()
CRITICAL - 2023-05-23 18:40:39 --> require(PHPMailer/PHPMailerAutoload.php): Failed to open stream: No such file or directory
in APPPATH\Controllers\usuario.php on line 72.
 1 APPPATH\Controllers\usuario.php(72): CodeIgniter\Debug\Exceptions->errorHandler(2, 'require(PHPMailer/PHPMailerAutoload.php): Failed to open stream: No such file or directory', 'D:\\wamp64\\www\\mascotas\\app\\Controllers\\usuario.php', 72)
 2 APPPATH\Controllers\usuario.php(72): require()
 3 SYSTEMPATH\CodeIgniter.php(934): App\Controllers\usuario->codigoVerif()
 4 SYSTEMPATH\CodeIgniter.php(499): CodeIgniter\CodeIgniter->runController(Object(App\Controllers\usuario))
 5 SYSTEMPATH\CodeIgniter.php(368): CodeIgniter\CodeIgniter->handleRequest(null, Object(Config\Cache), false)
 6 FCPATH\index.php(67): CodeIgniter\CodeIgniter->run()
CRITICAL - 2023-05-23 18:42:00 --> Cannot call constructor
in APPPATH\Controllers\usuario.php on line 15.
 1 SYSTEMPATH\CodeIgniter.php(906): App\Controllers\usuario->__construct()
 2 SYSTEMPATH\CodeIgniter.php(490): CodeIgniter\CodeIgniter->createController()
 3 SYSTEMPATH\CodeIgniter.php(368): CodeIgniter\CodeIgniter->handleRequest(null, Object(Config\Cache), false)
 4 FCPATH\index.php(67): CodeIgniter\CodeIgniter->run()
CRITICAL - 2023-05-23 18:47:37 --> Cannot call constructor
in APPPATH\Controllers\usuario.php on line 15.
 1 SYSTEMPATH\CodeIgniter.php(906): App\Controllers\usuario->__construct()
 2 SYSTEMPATH\CodeIgniter.php(490): CodeIgniter\CodeIgniter->createController()
 3 SYSTEMPATH\CodeIgniter.php(368): CodeIgniter\CodeIgniter->handleRequest(null, Object(Config\Cache), false)
 4 FCPATH\index.php(67): CodeIgniter\CodeIgniter->run()
CRITICAL - 2023-05-23 18:47:40 --> Cannot call constructor
in APPPATH\Controllers\usuario.php on line 15.
 1 SYSTEMPATH\CodeIgniter.php(906): App\Controllers\usuario->__construct()
 2 SYSTEMPATH\CodeIgniter.php(490): CodeIgniter\CodeIgniter->createController()
 3 SYSTEMPATH\CodeIgniter.php(368): CodeIgniter\CodeIgniter->handleRequest(null, Object(Config\Cache), false)
 4 FCPATH\index.php(67): CodeIgniter\CodeIgniter->run()
CRITICAL - 2023-05-23 18:47:44 --> Cannot call constructor
in APPPATH\Controllers\usuario.php on line 15.
 1 SYSTEMPATH\CodeIgniter.php(906): App\Controllers\usuario->__construct()
 2 SYSTEMPATH\CodeIgniter.php(490): CodeIgniter\CodeIgniter->createController()
 3 SYSTEMPATH\CodeIgniter.php(368): CodeIgniter\CodeIgniter->handleRequest(null, Object(Config\Cache), false)
 4 FCPATH\index.php(67): CodeIgniter\CodeIgniter->run()
CRITICAL - 2023-05-23 18:50:14 --> Cannot call constructor
in APPPATH\Controllers\usuario.php on line 15.
 1 SYSTEMPATH\CodeIgniter.php(906): App\Controllers\usuario->__construct()
 2 SYSTEMPATH\CodeIgniter.php(490): CodeIgniter\CodeIgniter->createController()
 3 SYSTEMPATH\CodeIgniter.php(368): CodeIgniter\CodeIgniter->handleRequest(null, Object(Config\Cache), false)
 4 FCPATH\index.php(67): CodeIgniter\CodeIgniter->run()
CRITICAL - 2023-05-23 18:50:18 --> Cannot call constructor
in APPPATH\Controllers\usuario.php on line 15.
 1 SYSTEMPATH\CodeIgniter.php(906): App\Controllers\usuario->__construct()
 2 SYSTEMPATH\CodeIgniter.php(490): CodeIgniter\CodeIgniter->createController()
 3 SYSTEMPATH\CodeIgniter.php(368): CodeIgniter\CodeIgniter->handleRequest(null, Object(Config\Cache), false)
 4 FCPATH\index.php(67): CodeIgniter\CodeIgniter->run()
CRITICAL - 2023-05-23 18:50:57 --> Cannot call constructor
in APPPATH\Controllers\usuario.php on line 15.
 1 SYSTEMPATH\CodeIgniter.php(906): App\Controllers\usuario->__construct()
 2 SYSTEMPATH\CodeIgniter.php(490): CodeIgniter\CodeIgniter->createController()
 3 SYSTEMPATH\CodeIgniter.php(368): CodeIgniter\CodeIgniter->handleRequest(null, Object(Config\Cache), false)
 4 FCPATH\index.php(67): CodeIgniter\CodeIgniter->run()
CRITICAL - 2023-05-23 18:51:18 --> Cannot call constructor
in APPPATH\Controllers\usuario.php on line 15.
 1 SYSTEMPATH\CodeIgniter.php(906): App\Controllers\usuario->__construct()
 2 SYSTEMPATH\CodeIgniter.php(490): CodeIgniter\CodeIgniter->createController()
 3 SYSTEMPATH\CodeIgniter.php(368): CodeIgniter\CodeIgniter->handleRequest(null, Object(Config\Cache), false)
 4 FCPATH\index.php(67): CodeIgniter\CodeIgniter->run()
CRITICAL - 2023-05-23 18:51:35 --> Cannot call constructor
in APPPATH\Controllers\usuario.php on line 15.
 1 SYSTEMPATH\CodeIgniter.php(906): App\Controllers\usuario->__construct()
 2 SYSTEMPATH\CodeIgniter.php(490): CodeIgniter\CodeIgniter->createController()
 3 SYSTEMPATH\CodeIgniter.php(368): CodeIgniter\CodeIgniter->handleRequest(null, Object(Config\Cache), false)
 4 FCPATH\index.php(67): CodeIgniter\CodeIgniter->run()
CRITICAL - 2023-05-23 18:52:05 --> require(PHPMailer/PHPMailer.php): Failed to open stream: No such file or directory
in APPPATH\Controllers\usuario.php on line 11.
 1 APPPATH\Controllers\usuario.php(11): CodeIgniter\Debug\Exceptions->errorHandler(2, 'require(PHPMailer/PHPMailer.php): Failed to open stream: No such file or directory', 'D:\\wamp64\\www\\mascotas\\app\\Controllers\\usuario.php', 11)
 2 APPPATH\Controllers\usuario.php(11): require()
 3 SYSTEMPATH\Autoloader\Autoloader.php(312): include_once('D:\\wamp64\\www\\mascotas\\app\\Controllers\\usuario.php')
 4 SYSTEMPATH\Autoloader\Autoloader.php(289): CodeIgniter\Autoloader\Autoloader->includeFile('D:\\wamp64\\www\\mascotas\\app\\Controllers\\usuario.php')
 5 SYSTEMPATH\Autoloader\Autoloader.php(267): CodeIgniter\Autoloader\Autoloader->loadInNamespace('App\\Controllers\\usuario')
 6 [internal function]: CodeIgniter\Autoloader\Autoloader->loadClass('App\\Controllers\\usuario')
 7 SYSTEMPATH\CodeIgniter.php(892): class_exists('\\App\\Controllers\\usuario', true)
 8 SYSTEMPATH\CodeIgniter.php(486): CodeIgniter\CodeIgniter->startController()
 9 SYSTEMPATH\CodeIgniter.php(368): CodeIgniter\CodeIgniter->handleRequest(null, Object(Config\Cache), false)
10 FCPATH\index.php(67): CodeIgniter\CodeIgniter->run()
CRITICAL - 2023-05-23 18:58:37 --> Cannot call constructor
in APPPATH\Controllers\usuario.php on line 16.
 1 SYSTEMPATH\CodeIgniter.php(906): App\Controllers\usuario->__construct()
 2 SYSTEMPATH\CodeIgniter.php(490): CodeIgniter\CodeIgniter->createController()
 3 SYSTEMPATH\CodeIgniter.php(368): CodeIgniter\CodeIgniter->handleRequest(null, Object(Config\Cache), false)
 4 FCPATH\index.php(67): CodeIgniter\CodeIgniter->run()
CRITICAL - 2023-05-23 18:58:48 --> Cannot call constructor
in APPPATH\Controllers\usuario.php on line 16.
 1 SYSTEMPATH\CodeIgniter.php(906): App\Controllers\usuario->__construct()
 2 SYSTEMPATH\CodeIgniter.php(490): CodeIgniter\CodeIgniter->createController()
 3 SYSTEMPATH\CodeIgniter.php(368): CodeIgniter\CodeIgniter->handleRequest(null, Object(Config\Cache), false)
 4 FCPATH\index.php(67): CodeIgniter\CodeIgniter->run()
CRITICAL - 2023-05-23 19:20:50 --> Class "App\Controllers\mascotasModel" not found
in APPPATH\Controllers\usuario.php on line 69.
 1 SYSTEMPATH\CodeIgniter.php(934): App\Controllers\usuario->codigoVerif()
 2 SYSTEMPATH\CodeIgniter.php(499): CodeIgniter\CodeIgniter->runController(Object(App\Controllers\usuario))
 3 SYSTEMPATH\CodeIgniter.php(368): CodeIgniter\CodeIgniter->handleRequest(null, Object(Config\Cache), false)
 4 FCPATH\index.php(67): CodeIgniter\CodeIgniter->run()
CRITICAL - 2023-05-23 19:21:44 --> Class "App\Controllers\mascotasModel" not found
in APPPATH\Controllers\usuario.php on line 69.
 1 SYSTEMPATH\CodeIgniter.php(934): App\Controllers\usuario->codigoVerif()
 2 SYSTEMPATH\CodeIgniter.php(499): CodeIgniter\CodeIgniter->runController(Object(App\Controllers\usuario))
 3 SYSTEMPATH\CodeIgniter.php(368): CodeIgniter\CodeIgniter->handleRequest(null, Object(Config\Cache), false)
 4 FCPATH\index.php(67): CodeIgniter\CodeIgniter->run()
CRITICAL - 2023-05-23 19:24:43 --> Call to undefined method App\Models\userModel::codVerf
in SYSTEMPATH\Model.php on line 842.
 1 APPPATH\Controllers\usuario.php(70): CodeIgniter\Model->__call('codVerf', [...])
 2 SYSTEMPATH\CodeIgniter.php(934): App\Controllers\usuario->codigoVerif()
 3 SYSTEMPATH\CodeIgniter.php(499): CodeIgniter\CodeIgniter->runController(Object(App\Controllers\usuario))
 4 SYSTEMPATH\CodeIgniter.php(368): CodeIgniter\CodeIgniter->handleRequest(null, Object(Config\Cache), false)
 5 FCPATH\index.php(67): CodeIgniter\CodeIgniter->run()
CRITICAL - 2023-05-23 19:26:43 --> Call to undefined method App\Models\userModel::codVerf
in SYSTEMPATH\Model.php on line 842.
 1 APPPATH\Controllers\usuario.php(70): CodeIgniter\Model->__call('codVerf', [...])
 2 SYSTEMPATH\CodeIgniter.php(934): App\Controllers\usuario->codigoVerif()
 3 SYSTEMPATH\CodeIgniter.php(499): CodeIgniter\CodeIgniter->runController(Object(App\Controllers\usuario))
 4 SYSTEMPATH\CodeIgniter.php(368): CodeIgniter\CodeIgniter->handleRequest(null, Object(Config\Cache), false)
 5 FCPATH\index.php(67): CodeIgniter\CodeIgniter->run()
CRITICAL - 2023-05-23 19:27:02 --> Call to undefined method App\Models\userModel::codVerf
in SYSTEMPATH\Model.php on line 842.
 1 APPPATH\Controllers\usuario.php(70): CodeIgniter\Model->__call('codVerf', [...])
 2 SYSTEMPATH\CodeIgniter.php(934): App\Controllers\usuario->codigoVerif()
 3 SYSTEMPATH\CodeIgniter.php(499): CodeIgniter\CodeIgniter->runController(Object(App\Controllers\usuario))
 4 SYSTEMPATH\CodeIgniter.php(368): CodeIgniter\CodeIgniter->handleRequest(null, Object(Config\Cache), false)
 5 FCPATH\index.php(67): CodeIgniter\CodeIgniter->run()
CRITICAL - 2023-05-23 19:28:27 --> Call to undefined method App\Models\userModel::codVerf
in SYSTEMPATH\Model.php on line 842.
 1 APPPATH\Controllers\usuario.php(73): CodeIgniter\Model->__call('codVerf', [...])
 2 SYSTEMPATH\CodeIgniter.php(934): App\Controllers\usuario->codigoVerif()
 3 SYSTEMPATH\CodeIgniter.php(499): CodeIgniter\CodeIgniter->runController(Object(App\Controllers\usuario))
 4 SYSTEMPATH\CodeIgniter.php(368): CodeIgniter\CodeIgniter->handleRequest(null, Object(Config\Cache), false)
 5 FCPATH\index.php(67): CodeIgniter\CodeIgniter->run()
CRITICAL - 2023-05-23 19:28:41 --> Call to undefined method App\Models\userModel::codVerf
in SYSTEMPATH\Model.php on line 842.
 1 APPPATH\Controllers\usuario.php(73): CodeIgniter\Model->__call('codVerf', [...])
 2 SYSTEMPATH\CodeIgniter.php(934): App\Controllers\usuario->codigoVerif()
 3 SYSTEMPATH\CodeIgniter.php(499): CodeIgniter\CodeIgniter->runController(Object(App\Controllers\usuario))
 4 SYSTEMPATH\CodeIgniter.php(368): CodeIgniter\CodeIgniter->handleRequest(null, Object(Config\Cache), false)
 5 FCPATH\index.php(67): CodeIgniter\CodeIgniter->run()
CRITICAL - 2023-05-23 19:29:04 --> Call to undefined method App\Models\userModel::codVerf
in SYSTEMPATH\Model.php on line 842.
 1 APPPATH\Controllers\usuario.php(73): CodeIgniter\Model->__call('codVerf', [...])
 2 SYSTEMPATH\CodeIgniter.php(934): App\Controllers\usuario->codigoVerif()
 3 SYSTEMPATH\CodeIgniter.php(499): CodeIgniter\CodeIgniter->runController(Object(App\Controllers\usuario))
 4 SYSTEMPATH\CodeIgniter.php(368): CodeIgniter\CodeIgniter->handleRequest(null, Object(Config\Cache), false)
 5 FCPATH\index.php(67): CodeIgniter\CodeIgniter->run()
CRITICAL - 2023-05-23 19:29:08 --> Call to undefined method App\Models\userModel::codVerf
in SYSTEMPATH\Model.php on line 842.
 1 APPPATH\Controllers\usuario.php(73): CodeIgniter\Model->__call('codVerf', [...])
 2 SYSTEMPATH\CodeIgniter.php(934): App\Controllers\usuario->codigoVerif()
 3 SYSTEMPATH\CodeIgniter.php(499): CodeIgniter\CodeIgniter->runController(Object(App\Controllers\usuario))
 4 SYSTEMPATH\CodeIgniter.php(368): CodeIgniter\CodeIgniter->handleRequest(null, Object(Config\Cache), false)
 5 FCPATH\index.php(67): CodeIgniter\CodeIgniter->run()
CRITICAL - 2023-05-23 19:29:45 --> Call to undefined method App\Models\userModel::codVerf
in SYSTEMPATH\Model.php on line 842.
 1 APPPATH\Controllers\usuario.php(73): CodeIgniter\Model->__call('codVerf', [...])
 2 SYSTEMPATH\CodeIgniter.php(934): App\Controllers\usuario->codigoVerif()
 3 SYSTEMPATH\CodeIgniter.php(499): CodeIgniter\CodeIgniter->runController(Object(App\Controllers\usuario))
 4 SYSTEMPATH\CodeIgniter.php(368): CodeIgniter\CodeIgniter->handleRequest(null, Object(Config\Cache), false)
 5 FCPATH\index.php(67): CodeIgniter\CodeIgniter->run()
CRITICAL - 2023-05-23 19:30:34 --> Call to undefined method App\Models\userModel::codVerf
in SYSTEMPATH\Model.php on line 842.
 1 APPPATH\Controllers\usuario.php(73): CodeIgniter\Model->__call('codVerf', [...])
 2 SYSTEMPATH\CodeIgniter.php(934): App\Controllers\usuario->codigoVerif()
 3 SYSTEMPATH\CodeIgniter.php(499): CodeIgniter\CodeIgniter->runController(Object(App\Controllers\usuario))
 4 SYSTEMPATH\CodeIgniter.php(368): CodeIgniter\CodeIgniter->handleRequest(null, Object(Config\Cache), false)
 5 FCPATH\index.php(67): CodeIgniter\CodeIgniter->run()
CRITICAL - 2023-05-23 19:31:52 --> Undefined variable $codVerif
in APPPATH\Models\userModel.php on line 53.
 1 APPPATH\Models\userModel.php(53): CodeIgniter\Debug\Exceptions->errorHandler(2, 'Undefined variable $codVerif', 'D:\\wamp64\\www\\mascotas\\app\\Models\\userModel.php', 53)
 2 APPPATH\Controllers\usuario.php(74): App\Models\userModel->codVerif([...])
 3 SYSTEMPATH\CodeIgniter.php(934): App\Controllers\usuario->codigoVerif()
 4 SYSTEMPATH\CodeIgniter.php(499): CodeIgniter\CodeIgniter->runController(Object(App\Controllers\usuario))
 5 SYSTEMPATH\CodeIgniter.php(368): CodeIgniter\CodeIgniter->handleRequest(null, Object(Config\Cache), false)
 6 FCPATH\index.php(67): CodeIgniter\CodeIgniter->run()
CRITICAL - 2023-05-23 19:32:10 --> Undefined variable $codVerif
in APPPATH\Models\userModel.php on line 53.
 1 APPPATH\Models\userModel.php(53): CodeIgniter\Debug\Exceptions->errorHandler(2, 'Undefined variable $codVerif', 'D:\\wamp64\\www\\mascotas\\app\\Models\\userModel.php', 53)
 2 APPPATH\Controllers\usuario.php(74): App\Models\userModel->codVerif([...])
 3 SYSTEMPATH\CodeIgniter.php(934): App\Controllers\usuario->codigoVerif()
 4 SYSTEMPATH\CodeIgniter.php(499): CodeIgniter\CodeIgniter->runController(Object(App\Controllers\usuario))
 5 SYSTEMPATH\CodeIgniter.php(368): CodeIgniter\CodeIgniter->handleRequest(null, Object(Config\Cache), false)
 6 FCPATH\index.php(67): CodeIgniter\CodeIgniter->run()
