ERROR - 2023-05-19 10:59:47 --> mysqli_sql_exception: Table 'mascotas.users' doesn't exist in D:\wamp64\www\mascotas\system\Database\MySQLi\Connection.php:295
Stack trace:
#0 D:\wamp64\www\mascotas\system\Database\MySQLi\Connection.php(295): mysqli->query('INSERT INTO use...', 0)
#1 D:\wamp64\www\mascotas\system\Database\BaseConnection.php(692): CodeIgniter\Database\MySQLi\Connection->execute('INSERT INTO use...')
#2 D:\wamp64\www\mascotas\system\Database\BaseConnection.php(606): CodeIgniter\Database\BaseConnection->simpleQuery('INSERT INTO use...')
#3 D:\wamp64\www\mascotas\app\Models\userModel.php(26): CodeIgniter\Database\BaseConnection->query('INSERT INTO use...', Array)
#4 D:\wamp64\www\mascotas\app\Controllers\login.php(68): App\Models\userModel->createUser(Array)
#5 D:\wamp64\www\mascotas\system\CodeIgniter.php(934): App\Controllers\Login->register()
#6 D:\wamp64\www\mascotas\system\CodeIgniter.php(499): CodeIgniter\CodeIgniter->runController(Object(App\Controllers\Login))
#7 D:\wamp64\www\mascotas\system\CodeIgniter.php(368): CodeIgniter\CodeIgniter->handleRequest(NULL, Object(Config\Cache), false)
#8 D:\wamp64\www\mascotas\public\index.php(67): CodeIgniter\CodeIgniter->run()
#9 {main}
CRITICAL - 2023-05-19 10:59:48 --> Undefined variable $validation
in APPPATH\Controllers\login.php on line 74.
 1 APPPATH\Controllers\login.php(74): CodeIgniter\Debug\Exceptions->errorHandler(2, 'Undefined variable $validation', 'D:\\wamp64\\www\\mascotas\\app\\Controllers\\login.php', 74)
 2 SYSTEMPATH\CodeIgniter.php(934): App\Controllers\Login->register()
 3 SYSTEMPATH\CodeIgniter.php(499): CodeIgniter\CodeIgniter->runController(Object(App\Controllers\Login))
 4 SYSTEMPATH\CodeIgniter.php(368): CodeIgniter\CodeIgniter->handleRequest(null, Object(Config\Cache), false)
 5 FCPATH\index.php(67): CodeIgniter\CodeIgniter->run()
ERROR - 2023-05-19 11:01:58 --> mysqli_sql_exception: Table 'mascotas.users' doesn't exist in D:\wamp64\www\mascotas\system\Database\MySQLi\Connection.php:295
Stack trace:
#0 D:\wamp64\www\mascotas\system\Database\MySQLi\Connection.php(295): mysqli->query('INSERT INTO use...', 0)
#1 D:\wamp64\www\mascotas\system\Database\BaseConnection.php(692): CodeIgniter\Database\MySQLi\Connection->execute('INSERT INTO use...')
#2 D:\wamp64\www\mascotas\system\Database\BaseConnection.php(606): CodeIgniter\Database\BaseConnection->simpleQuery('INSERT INTO use...')
#3 D:\wamp64\www\mascotas\app\Models\userModel.php(26): CodeIgniter\Database\BaseConnection->query('INSERT INTO use...', Array)
#4 D:\wamp64\www\mascotas\app\Controllers\login.php(68): App\Models\userModel->createUser(Array)
#5 D:\wamp64\www\mascotas\system\CodeIgniter.php(934): App\Controllers\Login->register()
#6 D:\wamp64\www\mascotas\system\CodeIgniter.php(499): CodeIgniter\CodeIgniter->runController(Object(App\Controllers\Login))
#7 D:\wamp64\www\mascotas\system\CodeIgniter.php(368): CodeIgniter\CodeIgniter->handleRequest(NULL, Object(Config\Cache), false)
#8 D:\wamp64\www\mascotas\public\index.php(67): CodeIgniter\CodeIgniter->run()
#9 {main}
CRITICAL - 2023-05-19 11:01:59 --> Undefined variable $validation
in APPPATH\Controllers\login.php on line 74.
 1 APPPATH\Controllers\login.php(74): CodeIgniter\Debug\Exceptions->errorHandler(2, 'Undefined variable $validation', 'D:\\wamp64\\www\\mascotas\\app\\Controllers\\login.php', 74)
 2 SYSTEMPATH\CodeIgniter.php(934): App\Controllers\Login->register()
 3 SYSTEMPATH\CodeIgniter.php(499): CodeIgniter\CodeIgniter->runController(Object(App\Controllers\Login))
 4 SYSTEMPATH\CodeIgniter.php(368): CodeIgniter\CodeIgniter->handleRequest(null, Object(Config\Cache), false)
 5 FCPATH\index.php(67): CodeIgniter\CodeIgniter->run()
ERROR - 2023-05-19 11:04:24 --> mysqli_sql_exception: Table 'mascotas.users' doesn't exist in D:\wamp64\www\mascotas\system\Database\MySQLi\Connection.php:295
Stack trace:
#0 D:\wamp64\www\mascotas\system\Database\MySQLi\Connection.php(295): mysqli->query('INSERT INTO use...', 0)
#1 D:\wamp64\www\mascotas\system\Database\BaseConnection.php(692): CodeIgniter\Database\MySQLi\Connection->execute('INSERT INTO use...')
#2 D:\wamp64\www\mascotas\system\Database\BaseConnection.php(606): CodeIgniter\Database\BaseConnection->simpleQuery('INSERT INTO use...')
#3 D:\wamp64\www\mascotas\app\Models\userModel.php(26): CodeIgniter\Database\BaseConnection->query('INSERT INTO use...', Array)
#4 D:\wamp64\www\mascotas\app\Controllers\login.php(68): App\Models\userModel->createUser(Array)
#5 D:\wamp64\www\mascotas\system\CodeIgniter.php(934): App\Controllers\Login->register()
#6 D:\wamp64\www\mascotas\system\CodeIgniter.php(499): CodeIgniter\CodeIgniter->runController(Object(App\Controllers\Login))
#7 D:\wamp64\www\mascotas\system\CodeIgniter.php(368): CodeIgniter\CodeIgniter->handleRequest(NULL, Object(Config\Cache), false)
#8 D:\wamp64\www\mascotas\public\index.php(67): CodeIgniter\CodeIgniter->run()
#9 {main}
CRITICAL - 2023-05-19 11:04:24 --> Undefined variable $validation
in APPPATH\Controllers\login.php on line 74.
 1 APPPATH\Controllers\login.php(74): CodeIgniter\Debug\Exceptions->errorHandler(2, 'Undefined variable $validation', 'D:\\wamp64\\www\\mascotas\\app\\Controllers\\login.php', 74)
 2 SYSTEMPATH\CodeIgniter.php(934): App\Controllers\Login->register()
 3 SYSTEMPATH\CodeIgniter.php(499): CodeIgniter\CodeIgniter->runController(Object(App\Controllers\Login))
 4 SYSTEMPATH\CodeIgniter.php(368): CodeIgniter\CodeIgniter->handleRequest(null, Object(Config\Cache), false)
 5 FCPATH\index.php(67): CodeIgniter\CodeIgniter->run()
ERROR - 2023-05-19 11:05:02 --> mysqli_sql_exception: Table 'mascotas.users' doesn't exist in D:\wamp64\www\mascotas\system\Database\MySQLi\Connection.php:295
Stack trace:
#0 D:\wamp64\www\mascotas\system\Database\MySQLi\Connection.php(295): mysqli->query('INSERT INTO use...', 0)
#1 D:\wamp64\www\mascotas\system\Database\BaseConnection.php(692): CodeIgniter\Database\MySQLi\Connection->execute('INSERT INTO use...')
#2 D:\wamp64\www\mascotas\system\Database\BaseConnection.php(606): CodeIgniter\Database\BaseConnection->simpleQuery('INSERT INTO use...')
#3 D:\wamp64\www\mascotas\app\Models\userModel.php(26): CodeIgniter\Database\BaseConnection->query('INSERT INTO use...', Array)
#4 D:\wamp64\www\mascotas\app\Controllers\login.php(68): App\Models\userModel->createUser(Array)
#5 D:\wamp64\www\mascotas\system\CodeIgniter.php(934): App\Controllers\Login->register()
#6 D:\wamp64\www\mascotas\system\CodeIgniter.php(499): CodeIgniter\CodeIgniter->runController(Object(App\Controllers\Login))
#7 D:\wamp64\www\mascotas\system\CodeIgniter.php(368): CodeIgniter\CodeIgniter->handleRequest(NULL, Object(Config\Cache), false)
#8 D:\wamp64\www\mascotas\public\index.php(67): CodeIgniter\CodeIgniter->run()
#9 {main}
CRITICAL - 2023-05-19 11:05:02 --> Undefined variable $validation
in APPPATH\Controllers\login.php on line 74.
 1 APPPATH\Controllers\login.php(74): CodeIgniter\Debug\Exceptions->errorHandler(2, 'Undefined variable $validation', 'D:\\wamp64\\www\\mascotas\\app\\Controllers\\login.php', 74)
 2 SYSTEMPATH\CodeIgniter.php(934): App\Controllers\Login->register()
 3 SYSTEMPATH\CodeIgniter.php(499): CodeIgniter\CodeIgniter->runController(Object(App\Controllers\Login))
 4 SYSTEMPATH\CodeIgniter.php(368): CodeIgniter\CodeIgniter->handleRequest(null, Object(Config\Cache), false)
 5 FCPATH\index.php(67): CodeIgniter\CodeIgniter->run()
ERROR - 2023-05-19 11:05:17 --> mysqli_sql_exception: Table 'mascotas.users' doesn't exist in D:\wamp64\www\mascotas\system\Database\MySQLi\Connection.php:295
Stack trace:
#0 D:\wamp64\www\mascotas\system\Database\MySQLi\Connection.php(295): mysqli->query('INSERT INTO use...', 0)
#1 D:\wamp64\www\mascotas\system\Database\BaseConnection.php(692): CodeIgniter\Database\MySQLi\Connection->execute('INSERT INTO use...')
#2 D:\wamp64\www\mascotas\system\Database\BaseConnection.php(606): CodeIgniter\Database\BaseConnection->simpleQuery('INSERT INTO use...')
#3 D:\wamp64\www\mascotas\app\Models\userModel.php(26): CodeIgniter\Database\BaseConnection->query('INSERT INTO use...', Array)
#4 D:\wamp64\www\mascotas\app\Controllers\login.php(68): App\Models\userModel->createUser(Array)
#5 D:\wamp64\www\mascotas\system\CodeIgniter.php(934): App\Controllers\Login->register()
#6 D:\wamp64\www\mascotas\system\CodeIgniter.php(499): CodeIgniter\CodeIgniter->runController(Object(App\Controllers\Login))
#7 D:\wamp64\www\mascotas\system\CodeIgniter.php(368): CodeIgniter\CodeIgniter->handleRequest(NULL, Object(Config\Cache), false)
#8 D:\wamp64\www\mascotas\public\index.php(67): CodeIgniter\CodeIgniter->run()
#9 {main}
CRITICAL - 2023-05-19 11:05:17 --> Undefined variable $validation
in APPPATH\Controllers\login.php on line 74.
 1 APPPATH\Controllers\login.php(74): CodeIgniter\Debug\Exceptions->errorHandler(2, 'Undefined variable $validation', 'D:\\wamp64\\www\\mascotas\\app\\Controllers\\login.php', 74)
 2 SYSTEMPATH\CodeIgniter.php(934): App\Controllers\Login->register()
 3 SYSTEMPATH\CodeIgniter.php(499): CodeIgniter\CodeIgniter->runController(Object(App\Controllers\Login))
 4 SYSTEMPATH\CodeIgniter.php(368): CodeIgniter\CodeIgniter->handleRequest(null, Object(Config\Cache), false)
 5 FCPATH\index.php(67): CodeIgniter\CodeIgniter->run()
ERROR - 2023-05-19 11:19:16 --> mysqli_sql_exception: Unknown column 'email' in 'where clause' in D:\wamp64\www\mascotas\system\Database\MySQLi\Connection.php:295
Stack trace:
#0 D:\wamp64\www\mascotas\system\Database\MySQLi\Connection.php(295): mysqli->query('SELECT *\nFROM `...', 0)
#1 D:\wamp64\www\mascotas\system\Database\BaseConnection.php(692): CodeIgniter\Database\MySQLi\Connection->execute('SELECT *\nFROM `...')
#2 D:\wamp64\www\mascotas\system\Database\BaseConnection.php(606): CodeIgniter\Database\BaseConnection->simpleQuery('SELECT *\nFROM `...')
#3 D:\wamp64\www\mascotas\system\Database\BaseBuilder.php(1616): CodeIgniter\Database\BaseConnection->query('SELECT *\nFROM `...', Array, false)
#4 D:\wamp64\www\mascotas\system\Model.php(268): CodeIgniter\Database\BaseBuilder->get()
#5 D:\wamp64\www\mascotas\system\BaseModel.php(656): CodeIgniter\Model->doFirst()
#6 D:\wamp64\www\mascotas\app\Controllers\login.php(27): CodeIgniter\BaseModel->first()
#7 D:\wamp64\www\mascotas\system\CodeIgniter.php(934): App\Controllers\Login->do_login()
#8 D:\wamp64\www\mascotas\system\CodeIgniter.php(499): CodeIgniter\CodeIgniter->runController(Object(App\Controllers\Login))
#9 D:\wamp64\www\mascotas\system\CodeIgniter.php(368): CodeIgniter\CodeIgniter->handleRequest(NULL, Object(Config\Cache), false)
#10 D:\wamp64\www\mascotas\public\index.php(67): CodeIgniter\CodeIgniter->run()
#11 {main}
CRITICAL - 2023-05-19 11:19:16 --> Unknown column 'email' in 'where clause'
in SYSTEMPATH\Database\MySQLi\Connection.php on line 295.
 1 SYSTEMPATH\Database\MySQLi\Connection.php(295): mysqli->query('SELECT *
FROM `usuario`
WHERE `email` = \'fernandoheredia33@gmail.com\'
 LIMIT 1', 0)
 2 SYSTEMPATH\Database\BaseConnection.php(692): CodeIgniter\Database\MySQLi\Connection->execute('SELECT *
FROM `usuario`
WHERE `email` = \'fernandoheredia33@gmail.com\'
 LIMIT 1')
 3 SYSTEMPATH\Database\BaseConnection.php(606): CodeIgniter\Database\BaseConnection->simpleQuery('SELECT *
FROM `usuario`
WHERE `email` = \'fernandoheredia33@gmail.com\'
 LIMIT 1')
 4 SYSTEMPATH\Database\BaseBuilder.php(1616): CodeIgniter\Database\BaseConnection->query('SELECT *
FROM `usuario`
WHERE `email` = :email:
 LIMIT 1', [...], false)
 5 SYSTEMPATH\Model.php(268): CodeIgniter\Database\BaseBuilder->get()
 6 SYSTEMPATH\BaseModel.php(656): CodeIgniter\Model->doFirst()
 7 APPPATH\Controllers\login.php(27): CodeIgniter\BaseModel->first()
 8 SYSTEMPATH\CodeIgniter.php(934): App\Controllers\Login->do_login()
 9 SYSTEMPATH\CodeIgniter.php(499): CodeIgniter\CodeIgniter->runController(Object(App\Controllers\Login))
10 SYSTEMPATH\CodeIgniter.php(368): CodeIgniter\CodeIgniter->handleRequest(null, Object(Config\Cache), false)
11 FCPATH\index.php(67): CodeIgniter\CodeIgniter->run()
CRITICAL - 2023-05-19 11:20:22 --> Undefined array key "password"
in APPPATH\Controllers\login.php on line 29.
 1 APPPATH\Controllers\login.php(29): CodeIgniter\Debug\Exceptions->errorHandler(2, 'Undefined array key "password"', 'D:\\wamp64\\www\\mascotas\\app\\Controllers\\login.php', 29)
 2 SYSTEMPATH\CodeIgniter.php(934): App\Controllers\Login->do_login()
 3 SYSTEMPATH\CodeIgniter.php(499): CodeIgniter\CodeIgniter->runController(Object(App\Controllers\Login))
 4 SYSTEMPATH\CodeIgniter.php(368): CodeIgniter\CodeIgniter->handleRequest(null, Object(Config\Cache), false)
 5 FCPATH\index.php(67): CodeIgniter\CodeIgniter->run()
CRITICAL - 2023-05-19 11:21:04 --> Undefined array key "password"
in APPPATH\Controllers\login.php on line 29.
 1 APPPATH\Controllers\login.php(29): CodeIgniter\Debug\Exceptions->errorHandler(2, 'Undefined array key "password"', 'D:\\wamp64\\www\\mascotas\\app\\Controllers\\login.php', 29)
 2 SYSTEMPATH\CodeIgniter.php(934): App\Controllers\Login->do_login()
 3 SYSTEMPATH\CodeIgniter.php(499): CodeIgniter\CodeIgniter->runController(Object(App\Controllers\Login))
 4 SYSTEMPATH\CodeIgniter.php(368): CodeIgniter\CodeIgniter->handleRequest(null, Object(Config\Cache), false)
 5 FCPATH\index.php(67): CodeIgniter\CodeIgniter->run()
CRITICAL - 2023-05-19 11:21:36 --> Undefined array key "id"
in APPPATH\Controllers\login.php on line 31.
 1 APPPATH\Controllers\login.php(31): CodeIgniter\Debug\Exceptions->errorHandler(2, 'Undefined array key "id"', 'D:\\wamp64\\www\\mascotas\\app\\Controllers\\login.php', 31)
 2 SYSTEMPATH\CodeIgniter.php(934): App\Controllers\Login->do_login()
 3 SYSTEMPATH\CodeIgniter.php(499): CodeIgniter\CodeIgniter->runController(Object(App\Controllers\Login))
 4 SYSTEMPATH\CodeIgniter.php(368): CodeIgniter\CodeIgniter->handleRequest(null, Object(Config\Cache), false)
 5 FCPATH\index.php(67): CodeIgniter\CodeIgniter->run()
CRITICAL - 2023-05-19 11:22:56 --> Undefined array key "id"
in APPPATH\Controllers\login.php on line 32.
 1 APPPATH\Controllers\login.php(32): CodeIgniter\Debug\Exceptions->errorHandler(2, 'Undefined array key "id"', 'D:\\wamp64\\www\\mascotas\\app\\Controllers\\login.php', 32)
 2 SYSTEMPATH\CodeIgniter.php(934): App\Controllers\Login->do_login()
 3 SYSTEMPATH\CodeIgniter.php(499): CodeIgniter\CodeIgniter->runController(Object(App\Controllers\Login))
 4 SYSTEMPATH\CodeIgniter.php(368): CodeIgniter\CodeIgniter->handleRequest(null, Object(Config\Cache), false)
 5 FCPATH\index.php(67): CodeIgniter\CodeIgniter->run()
CRITICAL - 2023-05-19 11:25:29 --> Undefined array key "nombre"
in APPPATH\Views\dashboard.php on line 7.
 1 APPPATH\Views\dashboard.php(7): CodeIgniter\Debug\Exceptions->errorHandler(2, 'Undefined array key "nombre"', 'D:\\wamp64\\www\\mascotas\\app\\Views\\dashboard.php', 7)
 2 SYSTEMPATH\View\View.php(213): include('D:\\wamp64\\www\\mascotas\\app\\Views\\dashboard.php')
 3 SYSTEMPATH\View\View.php(216): CodeIgniter\View\View->CodeIgniter\View\{closure}()
 4 SYSTEMPATH\Common.php(1184): CodeIgniter\View\View->render('dashboard', [], true)
 5 APPPATH\Controllers\dashboardController.php(13): view('dashboard', [...])
 6 SYSTEMPATH\CodeIgniter.php(934): App\Controllers\DashboardController->index()
 7 SYSTEMPATH\CodeIgniter.php(499): CodeIgniter\CodeIgniter->runController(Object(App\Controllers\DashboardController))
 8 SYSTEMPATH\CodeIgniter.php(368): CodeIgniter\CodeIgniter->handleRequest(null, Object(Config\Cache), false)
 9 FCPATH\index.php(67): CodeIgniter\CodeIgniter->run()
CRITICAL - 2023-05-19 11:26:17 --> Undefined variable $userData
in APPPATH\Controllers\dashboardController.php on line 11.
 1 APPPATH\Controllers\dashboardController.php(11): CodeIgniter\Debug\Exceptions->errorHandler(2, 'Undefined variable $userData', 'D:\\wamp64\\www\\mascotas\\app\\Controllers\\dashboardController.php', 11)
 2 SYSTEMPATH\CodeIgniter.php(934): App\Controllers\DashboardController->index()
 3 SYSTEMPATH\CodeIgniter.php(499): CodeIgniter\CodeIgniter->runController(Object(App\Controllers\DashboardController))
 4 SYSTEMPATH\CodeIgniter.php(368): CodeIgniter\CodeIgniter->handleRequest(null, Object(Config\Cache), false)
 5 FCPATH\index.php(67): CodeIgniter\CodeIgniter->run()
CRITICAL - 2023-05-19 11:26:55 --> Undefined variable $userData
in APPPATH\Controllers\dashboardController.php on line 11.
 1 APPPATH\Controllers\dashboardController.php(11): CodeIgniter\Debug\Exceptions->errorHandler(2, 'Undefined variable $userData', 'D:\\wamp64\\www\\mascotas\\app\\Controllers\\dashboardController.php', 11)
 2 SYSTEMPATH\CodeIgniter.php(934): App\Controllers\DashboardController->index()
 3 SYSTEMPATH\CodeIgniter.php(499): CodeIgniter\CodeIgniter->runController(Object(App\Controllers\DashboardController))
 4 SYSTEMPATH\CodeIgniter.php(368): CodeIgniter\CodeIgniter->handleRequest(null, Object(Config\Cache), false)
 5 FCPATH\index.php(67): CodeIgniter\CodeIgniter->run()
CRITICAL - 2023-05-19 11:27:07 --> Undefined variable $userData
in APPPATH\Controllers\dashboardController.php on line 11.
 1 APPPATH\Controllers\dashboardController.php(11): CodeIgniter\Debug\Exceptions->errorHandler(2, 'Undefined variable $userData', 'D:\\wamp64\\www\\mascotas\\app\\Controllers\\dashboardController.php', 11)
 2 SYSTEMPATH\CodeIgniter.php(934): App\Controllers\DashboardController->index()
 3 SYSTEMPATH\CodeIgniter.php(499): CodeIgniter\CodeIgniter->runController(Object(App\Controllers\DashboardController))
 4 SYSTEMPATH\CodeIgniter.php(368): CodeIgniter\CodeIgniter->handleRequest(null, Object(Config\Cache), false)
 5 FCPATH\index.php(67): CodeIgniter\CodeIgniter->run()
CRITICAL - 2023-05-19 11:27:36 --> Undefined variable $userData
in APPPATH\Controllers\dashboardController.php on line 11.
 1 APPPATH\Controllers\dashboardController.php(11): CodeIgniter\Debug\Exceptions->errorHandler(2, 'Undefined variable $userData', 'D:\\wamp64\\www\\mascotas\\app\\Controllers\\dashboardController.php', 11)
 2 SYSTEMPATH\CodeIgniter.php(934): App\Controllers\dashboardController->index()
 3 SYSTEMPATH\CodeIgniter.php(499): CodeIgniter\CodeIgniter->runController(Object(App\Controllers\dashboardController))
 4 SYSTEMPATH\CodeIgniter.php(368): CodeIgniter\CodeIgniter->handleRequest(null, Object(Config\Cache), false)
 5 FCPATH\index.php(67): CodeIgniter\CodeIgniter->run()
CRITICAL - 2023-05-19 11:54:42 --> Object of class CodeIgniter\Router\RouteCollection could not be converted to string
in APPPATH\Config\Routes.php on line 34.
 1 SYSTEMPATH\Router\RouteCollection.php(267): require()
 2 SYSTEMPATH\CodeIgniter.php(802): CodeIgniter\Router\RouteCollection->loadRoutes()
 3 SYSTEMPATH\CodeIgniter.php(449): CodeIgniter\CodeIgniter->tryToRouteIt(null)
 4 SYSTEMPATH\CodeIgniter.php(368): CodeIgniter\CodeIgniter->handleRequest(null, Object(Config\Cache), false)
 5 FCPATH\index.php(67): CodeIgniter\CodeIgniter->run()
CRITICAL - 2023-05-19 11:54:45 --> Object of class CodeIgniter\Router\RouteCollection could not be converted to string
in APPPATH\Config\Routes.php on line 34.
 1 SYSTEMPATH\Router\RouteCollection.php(267): require()
 2 SYSTEMPATH\CodeIgniter.php(802): CodeIgniter\Router\RouteCollection->loadRoutes()
 3 SYSTEMPATH\CodeIgniter.php(449): CodeIgniter\CodeIgniter->tryToRouteIt(null)
 4 SYSTEMPATH\CodeIgniter.php(368): CodeIgniter\CodeIgniter->handleRequest(null, Object(Config\Cache), false)
 5 FCPATH\index.php(67): CodeIgniter\CodeIgniter->run()
CRITICAL - 2023-05-19 11:55:02 --> Object of class CodeIgniter\Router\RouteCollection could not be converted to string
in APPPATH\Config\Routes.php on line 34.
 1 SYSTEMPATH\Router\RouteCollection.php(267): require()
 2 SYSTEMPATH\CodeIgniter.php(802): CodeIgniter\Router\RouteCollection->loadRoutes()
 3 SYSTEMPATH\CodeIgniter.php(449): CodeIgniter\CodeIgniter->tryToRouteIt(null)
 4 SYSTEMPATH\CodeIgniter.php(368): CodeIgniter\CodeIgniter->handleRequest(null, Object(Config\Cache), false)
 5 FCPATH\index.php(67): CodeIgniter\CodeIgniter->run()
CRITICAL - 2023-05-19 11:57:28 --> CodeIgniter\Router\RouteCollection::match(): Argument #1 ($verbs) must be of type array, string given, called in D:\wamp64\www\mascotas\app\Config\Routes.php on line 34
in SYSTEMPATH\Router\RouteCollection.php on line 895.
 1 APPPATH\Config\Routes.php(34): CodeIgniter\Router\RouteCollection->match('logout', 'login::logout')
 2 SYSTEMPATH\Router\RouteCollection.php(267): require('D:\\wamp64\\www\\mascotas\\app\\Config\\Routes.php')
 3 SYSTEMPATH\CodeIgniter.php(802): CodeIgniter\Router\RouteCollection->loadRoutes()
 4 SYSTEMPATH\CodeIgniter.php(449): CodeIgniter\CodeIgniter->tryToRouteIt(null)
 5 SYSTEMPATH\CodeIgniter.php(368): CodeIgniter\CodeIgniter->handleRequest(null, Object(Config\Cache), false)
 6 FCPATH\index.php(67): CodeIgniter\CodeIgniter->run()
CRITICAL - 2023-05-19 12:13:41 --> Invalid file: "/.php"
in SYSTEMPATH\Exceptions\FrameworkException.php on line 33.
 1 SYSTEMPATH\View\View.php(201): CodeIgniter\Exceptions\FrameworkException::forInvalidFile('/.php')
 2 SYSTEMPATH\Common.php(1184): CodeIgniter\View\View->render('/', [], true)
 3 APPPATH\Controllers\login.php(78): view('/')
 4 SYSTEMPATH\CodeIgniter.php(934): App\Controllers\Login->register()
 5 SYSTEMPATH\CodeIgniter.php(499): CodeIgniter\CodeIgniter->runController(Object(App\Controllers\Login))
 6 SYSTEMPATH\CodeIgniter.php(368): CodeIgniter\CodeIgniter->handleRequest(null, Object(Config\Cache), false)
 7 FCPATH\index.php(67): CodeIgniter\CodeIgniter->run()
CRITICAL - 2023-05-19 12:14:15 --> Invalid file: "/.php"
in SYSTEMPATH\Exceptions\FrameworkException.php on line 33.
 1 SYSTEMPATH\View\View.php(201): CodeIgniter\Exceptions\FrameworkException::forInvalidFile('/.php')
 2 SYSTEMPATH\Common.php(1184): CodeIgniter\View\View->render('/', [], true)
 3 APPPATH\Controllers\login.php(78): view('/', [...])
 4 SYSTEMPATH\CodeIgniter.php(934): App\Controllers\Login->register()
 5 SYSTEMPATH\CodeIgniter.php(499): CodeIgniter\CodeIgniter->runController(Object(App\Controllers\Login))
 6 SYSTEMPATH\CodeIgniter.php(368): CodeIgniter\CodeIgniter->handleRequest(null, Object(Config\Cache), false)
 7 FCPATH\index.php(67): CodeIgniter\CodeIgniter->run()
CRITICAL - 2023-05-19 12:14:29 --> Invalid file: "/.php"
in SYSTEMPATH\Exceptions\FrameworkException.php on line 33.
 1 SYSTEMPATH\View\View.php(201): CodeIgniter\Exceptions\FrameworkException::forInvalidFile('/.php')
 2 SYSTEMPATH\Common.php(1184): CodeIgniter\View\View->render('/', [], true)
 3 APPPATH\Controllers\login.php(78): view('/', [...])
 4 SYSTEMPATH\CodeIgniter.php(934): App\Controllers\Login->register()
 5 SYSTEMPATH\CodeIgniter.php(499): CodeIgniter\CodeIgniter->runController(Object(App\Controllers\Login))
 6 SYSTEMPATH\CodeIgniter.php(368): CodeIgniter\CodeIgniter->handleRequest(null, Object(Config\Cache), false)
 7 FCPATH\index.php(67): CodeIgniter\CodeIgniter->run()
CRITICAL - 2023-05-19 12:25:10 --> Invalid file: "/.php"
in SYSTEMPATH\Exceptions\FrameworkException.php on line 33.
 1 SYSTEMPATH\View\View.php(201): CodeIgniter\Exceptions\FrameworkException::forInvalidFile('/.php')
 2 SYSTEMPATH\Common.php(1184): CodeIgniter\View\View->render('/', [], true)
 3 APPPATH\Controllers\login.php(78): view('/', [...])
 4 SYSTEMPATH\CodeIgniter.php(934): App\Controllers\Login->register()
 5 SYSTEMPATH\CodeIgniter.php(499): CodeIgniter\CodeIgniter->runController(Object(App\Controllers\Login))
 6 SYSTEMPATH\CodeIgniter.php(368): CodeIgniter\CodeIgniter->handleRequest(null, Object(Config\Cache), false)
 7 FCPATH\index.php(67): CodeIgniter\CodeIgniter->run()
CRITICAL - 2023-05-19 12:25:25 --> Invalid file: "/.php"
in SYSTEMPATH\Exceptions\FrameworkException.php on line 33.
 1 SYSTEMPATH\View\View.php(201): CodeIgniter\Exceptions\FrameworkException::forInvalidFile('/.php')
 2 SYSTEMPATH\Common.php(1184): CodeIgniter\View\View->render('/', [], true)
 3 APPPATH\Controllers\login.php(78): view('/', [...])
 4 SYSTEMPATH\CodeIgniter.php(934): App\Controllers\Login->register()
 5 SYSTEMPATH\CodeIgniter.php(499): CodeIgniter\CodeIgniter->runController(Object(App\Controllers\Login))
 6 SYSTEMPATH\CodeIgniter.php(368): CodeIgniter\CodeIgniter->handleRequest(null, Object(Config\Cache), false)
 7 FCPATH\index.php(67): CodeIgniter\CodeIgniter->run()
CRITICAL - 2023-05-19 13:26:20 --> Invalid file: "/.php"
in SYSTEMPATH\Exceptions\FrameworkException.php on line 33.
 1 SYSTEMPATH\View\View.php(201): CodeIgniter\Exceptions\FrameworkException::forInvalidFile('/.php')
 2 SYSTEMPATH\Common.php(1184): CodeIgniter\View\View->render('/', [], true)
 3 APPPATH\Controllers\login.php(40): view('/', [...])
 4 SYSTEMPATH\CodeIgniter.php(934): App\Controllers\Login->do_login()
 5 SYSTEMPATH\CodeIgniter.php(499): CodeIgniter\CodeIgniter->runController(Object(App\Controllers\Login))
 6 SYSTEMPATH\CodeIgniter.php(368): CodeIgniter\CodeIgniter->handleRequest(null, Object(Config\Cache), false)
 7 FCPATH\index.php(67): CodeIgniter\CodeIgniter->run()
CRITICAL - 2023-05-19 13:26:34 --> Invalid file: "/.php"
in SYSTEMPATH\Exceptions\FrameworkException.php on line 33.
 1 SYSTEMPATH\View\View.php(201): CodeIgniter\Exceptions\FrameworkException::forInvalidFile('/.php')
 2 SYSTEMPATH\Common.php(1184): CodeIgniter\View\View->render('/', [], true)
 3 APPPATH\Controllers\login.php(40): view('/', [...])
 4 SYSTEMPATH\CodeIgniter.php(934): App\Controllers\Login->do_login()
 5 SYSTEMPATH\CodeIgniter.php(499): CodeIgniter\CodeIgniter->runController(Object(App\Controllers\Login))
 6 SYSTEMPATH\CodeIgniter.php(368): CodeIgniter\CodeIgniter->handleRequest(null, Object(Config\Cache), false)
 7 FCPATH\index.php(67): CodeIgniter\CodeIgniter->run()
CRITICAL - 2023-05-19 20:19:09 --> Undefined array key "name"
in APPPATH\Views\editProfile.php on line 10.
 1 APPPATH\Views\editProfile.php(10): CodeIgniter\Debug\Exceptions->errorHandler(2, 'Undefined array key "name"', 'D:\\wamp64\\www\\mascotas\\app\\Views\\editProfile.php', 10)
 2 SYSTEMPATH\View\View.php(213): include('D:\\wamp64\\www\\mascotas\\app\\Views\\editProfile.php')
 3 SYSTEMPATH\View\View.php(216): CodeIgniter\View\View->CodeIgniter\View\{closure}()
 4 SYSTEMPATH\Common.php(1184): CodeIgniter\View\View->render('editProfile', [], true)
 5 APPPATH\Controllers\usuario.php(21): view('editProfile', [...])
 6 SYSTEMPATH\CodeIgniter.php(934): App\Controllers\usuario->edit()
 7 SYSTEMPATH\CodeIgniter.php(499): CodeIgniter\CodeIgniter->runController(Object(App\Controllers\usuario))
 8 SYSTEMPATH\CodeIgniter.php(368): CodeIgniter\CodeIgniter->handleRequest(null, Object(Config\Cache), false)
 9 FCPATH\index.php(67): CodeIgniter\CodeIgniter->run()
CRITICAL - 2023-05-19 20:19:37 --> Undefined array key "name"
in APPPATH\Views\editProfile.php on line 8.
 1 APPPATH\Views\editProfile.php(8): CodeIgniter\Debug\Exceptions->errorHandler(2, 'Undefined array key "name"', 'D:\\wamp64\\www\\mascotas\\app\\Views\\editProfile.php', 8)
 2 SYSTEMPATH\View\View.php(213): include('D:\\wamp64\\www\\mascotas\\app\\Views\\editProfile.php')
 3 SYSTEMPATH\View\View.php(216): CodeIgniter\View\View->CodeIgniter\View\{closure}()
 4 SYSTEMPATH\Common.php(1184): CodeIgniter\View\View->render('editProfile', [], true)
 5 APPPATH\Controllers\usuario.php(21): view('editProfile', [...])
 6 SYSTEMPATH\CodeIgniter.php(934): App\Controllers\usuario->edit()
 7 SYSTEMPATH\CodeIgniter.php(499): CodeIgniter\CodeIgniter->runController(Object(App\Controllers\usuario))
 8 SYSTEMPATH\CodeIgniter.php(368): CodeIgniter\CodeIgniter->handleRequest(null, Object(Config\Cache), false)
 9 FCPATH\index.php(67): CodeIgniter\CodeIgniter->run()
CRITICAL - 2023-05-19 20:21:02 --> Undefined variable $user
in APPPATH\Controllers\usuario.php on line 12.
 1 APPPATH\Controllers\usuario.php(12): CodeIgniter\Debug\Exceptions->errorHandler(2, 'Undefined variable $user', 'D:\\wamp64\\www\\mascotas\\app\\Controllers\\usuario.php', 12)
 2 SYSTEMPATH\CodeIgniter.php(934): App\Controllers\usuario->edit()
 3 SYSTEMPATH\CodeIgniter.php(499): CodeIgniter\CodeIgniter->runController(Object(App\Controllers\usuario))
 4 SYSTEMPATH\CodeIgniter.php(368): CodeIgniter\CodeIgniter->handleRequest(null, Object(Config\Cache), false)
 5 FCPATH\index.php(67): CodeIgniter\CodeIgniter->run()
CRITICAL - 2023-05-19 20:29:58 --> Undefined variable $user
in APPPATH\Controllers\usuario.php on line 12.
 1 APPPATH\Controllers\usuario.php(12): CodeIgniter\Debug\Exceptions->errorHandler(2, 'Undefined variable $user', 'D:\\wamp64\\www\\mascotas\\app\\Controllers\\usuario.php', 12)
 2 SYSTEMPATH\CodeIgniter.php(934): App\Controllers\usuario->edit()
 3 SYSTEMPATH\CodeIgniter.php(499): CodeIgniter\CodeIgniter->runController(Object(App\Controllers\usuario))
 4 SYSTEMPATH\CodeIgniter.php(368): CodeIgniter\CodeIgniter->handleRequest(null, Object(Config\Cache), false)
 5 FCPATH\index.php(67): CodeIgniter\CodeIgniter->run()
CRITICAL - 2023-05-19 20:30:02 --> Undefined variable $user
in APPPATH\Controllers\usuario.php on line 12.
 1 APPPATH\Controllers\usuario.php(12): CodeIgniter\Debug\Exceptions->errorHandler(2, 'Undefined variable $user', 'D:\\wamp64\\www\\mascotas\\app\\Controllers\\usuario.php', 12)
 2 SYSTEMPATH\CodeIgniter.php(934): App\Controllers\usuario->edit()
 3 SYSTEMPATH\CodeIgniter.php(499): CodeIgniter\CodeIgniter->runController(Object(App\Controllers\usuario))
 4 SYSTEMPATH\CodeIgniter.php(368): CodeIgniter\CodeIgniter->handleRequest(null, Object(Config\Cache), false)
 5 FCPATH\index.php(67): CodeIgniter\CodeIgniter->run()
CRITICAL - 2023-05-19 20:30:27 --> Undefined variable $user
in APPPATH\Controllers\usuario.php on line 13.
 1 APPPATH\Controllers\usuario.php(13): CodeIgniter\Debug\Exceptions->errorHandler(2, 'Undefined variable $user', 'D:\\wamp64\\www\\mascotas\\app\\Controllers\\usuario.php', 13)
 2 SYSTEMPATH\CodeIgniter.php(934): App\Controllers\usuario->edit()
 3 SYSTEMPATH\CodeIgniter.php(499): CodeIgniter\CodeIgniter->runController(Object(App\Controllers\usuario))
 4 SYSTEMPATH\CodeIgniter.php(368): CodeIgniter\CodeIgniter->handleRequest(null, Object(Config\Cache), false)
 5 FCPATH\index.php(67): CodeIgniter\CodeIgniter->run()
CRITICAL - 2023-05-19 20:30:43 --> Undefined array key "name"
in APPPATH\Views\editProfile.php on line 10.
 1 APPPATH\Views\editProfile.php(10): CodeIgniter\Debug\Exceptions->errorHandler(2, 'Undefined array key "name"', 'D:\\wamp64\\www\\mascotas\\app\\Views\\editProfile.php', 10)
 2 SYSTEMPATH\View\View.php(213): include('D:\\wamp64\\www\\mascotas\\app\\Views\\editProfile.php')
 3 SYSTEMPATH\View\View.php(216): CodeIgniter\View\View->CodeIgniter\View\{closure}()
 4 SYSTEMPATH\Common.php(1184): CodeIgniter\View\View->render('editProfile', [], true)
 5 APPPATH\Controllers\usuario.php(22): view('editProfile', [...])
 6 SYSTEMPATH\CodeIgniter.php(934): App\Controllers\usuario->edit()
 7 SYSTEMPATH\CodeIgniter.php(499): CodeIgniter\CodeIgniter->runController(Object(App\Controllers\usuario))
 8 SYSTEMPATH\CodeIgniter.php(368): CodeIgniter\CodeIgniter->handleRequest(null, Object(Config\Cache), false)
 9 FCPATH\index.php(67): CodeIgniter\CodeIgniter->run()
CRITICAL - 2023-05-19 20:31:22 --> Undefined variable $user
in APPPATH\Views\editProfile.php on line 8.
 1 APPPATH\Views\editProfile.php(8): CodeIgniter\Debug\Exceptions->errorHandler(2, 'Undefined variable $user', 'D:\\wamp64\\www\\mascotas\\app\\Views\\editProfile.php', 8)
 2 SYSTEMPATH\View\View.php(213): include('D:\\wamp64\\www\\mascotas\\app\\Views\\editProfile.php')
 3 SYSTEMPATH\View\View.php(216): CodeIgniter\View\View->CodeIgniter\View\{closure}()
 4 SYSTEMPATH\Common.php(1184): CodeIgniter\View\View->render('editProfile', [], true)
 5 APPPATH\Controllers\usuario.php(15): view('editProfile')
 6 SYSTEMPATH\CodeIgniter.php(934): App\Controllers\usuario->edit()
 7 SYSTEMPATH\CodeIgniter.php(499): CodeIgniter\CodeIgniter->runController(Object(App\Controllers\usuario))
 8 SYSTEMPATH\CodeIgniter.php(368): CodeIgniter\CodeIgniter->handleRequest(null, Object(Config\Cache), false)
 9 FCPATH\index.php(67): CodeIgniter\CodeIgniter->run()
CRITICAL - 2023-05-19 20:34:53 --> Undefined variable $user
in APPPATH\Controllers\usuario.php on line 12.
 1 APPPATH\Controllers\usuario.php(12): CodeIgniter\Debug\Exceptions->errorHandler(2, 'Undefined variable $user', 'D:\\wamp64\\www\\mascotas\\app\\Controllers\\usuario.php', 12)
 2 SYSTEMPATH\CodeIgniter.php(934): App\Controllers\usuario->edit()
 3 SYSTEMPATH\CodeIgniter.php(499): CodeIgniter\CodeIgniter->runController(Object(App\Controllers\usuario))
 4 SYSTEMPATH\CodeIgniter.php(368): CodeIgniter\CodeIgniter->handleRequest(null, Object(Config\Cache), false)
 5 FCPATH\index.php(67): CodeIgniter\CodeIgniter->run()
CRITICAL - 2023-05-19 20:36:30 --> Invalid file: "edit_profile.php"
in SYSTEMPATH\Exceptions\FrameworkException.php on line 33.
 1 SYSTEMPATH\View\View.php(201): CodeIgniter\Exceptions\FrameworkException::forInvalidFile('edit_profile.php')
 2 SYSTEMPATH\Common.php(1184): CodeIgniter\View\View->render('edit_profile', [], true)
 3 APPPATH\Controllers\usuario.php(22): view('edit_profile', [...])
 4 SYSTEMPATH\CodeIgniter.php(934): App\Controllers\usuario->edit()
 5 SYSTEMPATH\CodeIgniter.php(499): CodeIgniter\CodeIgniter->runController(Object(App\Controllers\usuario))
 6 SYSTEMPATH\CodeIgniter.php(368): CodeIgniter\CodeIgniter->handleRequest(null, Object(Config\Cache), false)
 7 FCPATH\index.php(67): CodeIgniter\CodeIgniter->run()
CRITICAL - 2023-05-19 20:41:00 --> Declaration of App\Models\userModel::find($data) must be compatible with CodeIgniter\BaseModel::find($id = null)
in APPPATH\Models\userModel.php on line 42.
 1 [internal function]: CodeIgniter\Debug\Exceptions->shutdownHandler()
CRITICAL - 2023-05-19 20:41:32 --> Declaration of App\Models\userModel::find($data) must be compatible with CodeIgniter\BaseModel::find($id = null)
in APPPATH\Models\userModel.php on line 42.
 1 [internal function]: CodeIgniter\Debug\Exceptions->shutdownHandler()
CRITICAL - 2023-05-19 20:42:13 --> Declaration of App\Models\userModel::find($data) must be compatible with CodeIgniter\BaseModel::find($id = null)
in APPPATH\Models\userModel.php on line 42.
 1 [internal function]: CodeIgniter\Debug\Exceptions->shutdownHandler()
CRITICAL - 2023-05-19 20:43:33 --> Declaration of App\Models\userModel::find($data) must be compatible with CodeIgniter\BaseModel::find($id = null)
in APPPATH\Models\userModel.php on line 42.
 1 [internal function]: CodeIgniter\Debug\Exceptions->shutdownHandler()
CRITICAL - 2023-05-19 20:43:45 --> Declaration of App\Models\userModel::find($data) must be compatible with CodeIgniter\BaseModel::find($id = null)
in APPPATH\Models\userModel.php on line 42.
 1 [internal function]: CodeIgniter\Debug\Exceptions->shutdownHandler()
CRITICAL - 2023-05-19 20:44:10 --> Invalid file: "edit_profile.php"
in SYSTEMPATH\Exceptions\FrameworkException.php on line 33.
 1 SYSTEMPATH\View\View.php(201): CodeIgniter\Exceptions\FrameworkException::forInvalidFile('edit_profile.php')
 2 SYSTEMPATH\Common.php(1184): CodeIgniter\View\View->render('edit_profile', [], true)
 3 APPPATH\Controllers\usuario.php(18): view('edit_profile')
 4 SYSTEMPATH\CodeIgniter.php(934): App\Controllers\usuario->edit()
 5 SYSTEMPATH\CodeIgniter.php(499): CodeIgniter\CodeIgniter->runController(Object(App\Controllers\usuario))
 6 SYSTEMPATH\CodeIgniter.php(368): CodeIgniter\CodeIgniter->handleRequest(null, Object(Config\Cache), false)
 7 FCPATH\index.php(67): CodeIgniter\CodeIgniter->run()
CRITICAL - 2023-05-19 20:45:38 --> Invalid file: "edit_profile.php"
in SYSTEMPATH\Exceptions\FrameworkException.php on line 33.
 1 SYSTEMPATH\View\View.php(201): CodeIgniter\Exceptions\FrameworkException::forInvalidFile('edit_profile.php')
 2 SYSTEMPATH\Common.php(1184): CodeIgniter\View\View->render('edit_profile', [], true)
 3 APPPATH\Controllers\usuario.php(23): view('edit_profile')
 4 SYSTEMPATH\CodeIgniter.php(934): App\Controllers\usuario->edit()
 5 SYSTEMPATH\CodeIgniter.php(499): CodeIgniter\CodeIgniter->runController(Object(App\Controllers\usuario))
 6 SYSTEMPATH\CodeIgniter.php(368): CodeIgniter\CodeIgniter->handleRequest(null, Object(Config\Cache), false)
 7 FCPATH\index.php(67): CodeIgniter\CodeIgniter->run()
CRITICAL - 2023-05-19 20:47:13 --> Undefined variable $1
in APPPATH\Models\userModel.php on line 43.
 1 APPPATH\Models\userModel.php(43): CodeIgniter\Debug\Exceptions->errorHandler(2, 'Undefined variable $1', 'D:\\wamp64\\www\\mascotas\\app\\Models\\userModel.php', 43)
 2 APPPATH\Controllers\usuario.php(19): App\Models\userModel->findUser('1')
 3 SYSTEMPATH\CodeIgniter.php(934): App\Controllers\usuario->edit()
 4 SYSTEMPATH\CodeIgniter.php(499): CodeIgniter\CodeIgniter->runController(Object(App\Controllers\usuario))
 5 SYSTEMPATH\CodeIgniter.php(368): CodeIgniter\CodeIgniter->handleRequest(null, Object(Config\Cache), false)
 6 FCPATH\index.php(67): CodeIgniter\CodeIgniter->run()
CRITICAL - 2023-05-19 20:47:41 --> Undefined variable $1
in APPPATH\Models\userModel.php on line 43.
 1 APPPATH\Models\userModel.php(43): CodeIgniter\Debug\Exceptions->errorHandler(2, 'Undefined variable $1', 'D:\\wamp64\\www\\mascotas\\app\\Models\\userModel.php', 43)
 2 APPPATH\Controllers\usuario.php(19): App\Models\userModel->findUser('1')
 3 SYSTEMPATH\CodeIgniter.php(934): App\Controllers\usuario->edit()
 4 SYSTEMPATH\CodeIgniter.php(499): CodeIgniter\CodeIgniter->runController(Object(App\Controllers\usuario))
 5 SYSTEMPATH\CodeIgniter.php(368): CodeIgniter\CodeIgniter->handleRequest(null, Object(Config\Cache), false)
 6 FCPATH\index.php(67): CodeIgniter\CodeIgniter->run()
CRITICAL - 2023-05-19 20:48:49 --> Invalid file: "edit_profile.php"
in SYSTEMPATH\Exceptions\FrameworkException.php on line 33.
 1 SYSTEMPATH\View\View.php(201): CodeIgniter\Exceptions\FrameworkException::forInvalidFile('edit_profile.php')
 2 SYSTEMPATH\Common.php(1184): CodeIgniter\View\View->render('edit_profile', [], true)
 3 APPPATH\Controllers\usuario.php(23): view('edit_profile')
 4 SYSTEMPATH\CodeIgniter.php(934): App\Controllers\usuario->edit()
 5 SYSTEMPATH\CodeIgniter.php(499): CodeIgniter\CodeIgniter->runController(Object(App\Controllers\usuario))
 6 SYSTEMPATH\CodeIgniter.php(368): CodeIgniter\CodeIgniter->handleRequest(null, Object(Config\Cache), false)
 7 FCPATH\index.php(67): CodeIgniter\CodeIgniter->run()
CRITICAL - 2023-05-19 20:49:37 --> Call to undefined method CodeIgniter\Database\MySQLi\Result::getResultFirst()
in APPPATH\Models\userModel.php on line 46.
 1 APPPATH\Controllers\usuario.php(19): App\Models\userModel->findUser('1')
 2 SYSTEMPATH\CodeIgniter.php(934): App\Controllers\usuario->edit()
 3 SYSTEMPATH\CodeIgniter.php(499): CodeIgniter\CodeIgniter->runController(Object(App\Controllers\usuario))
 4 SYSTEMPATH\CodeIgniter.php(368): CodeIgniter\CodeIgniter->handleRequest(null, Object(Config\Cache), false)
 5 FCPATH\index.php(67): CodeIgniter\CodeIgniter->run()
CRITICAL - 2023-05-19 20:49:48 --> Invalid file: "edit_profile.php"
in SYSTEMPATH\Exceptions\FrameworkException.php on line 33.
 1 SYSTEMPATH\View\View.php(201): CodeIgniter\Exceptions\FrameworkException::forInvalidFile('edit_profile.php')
 2 SYSTEMPATH\Common.php(1184): CodeIgniter\View\View->render('edit_profile', [], true)
 3 APPPATH\Controllers\usuario.php(23): view('edit_profile')
 4 SYSTEMPATH\CodeIgniter.php(934): App\Controllers\usuario->edit()
 5 SYSTEMPATH\CodeIgniter.php(499): CodeIgniter\CodeIgniter->runController(Object(App\Controllers\usuario))
 6 SYSTEMPATH\CodeIgniter.php(368): CodeIgniter\CodeIgniter->handleRequest(null, Object(Config\Cache), false)
 7 FCPATH\index.php(67): CodeIgniter\CodeIgniter->run()
CRITICAL - 2023-05-19 20:50:22 --> Invalid file: "edit_profile.php"
in SYSTEMPATH\Exceptions\FrameworkException.php on line 33.
 1 SYSTEMPATH\View\View.php(201): CodeIgniter\Exceptions\FrameworkException::forInvalidFile('edit_profile.php')
 2 SYSTEMPATH\Common.php(1184): CodeIgniter\View\View->render('edit_profile', [], true)
 3 APPPATH\Controllers\usuario.php(22): view('edit_profile', [...])
 4 SYSTEMPATH\CodeIgniter.php(934): App\Controllers\usuario->edit()
 5 SYSTEMPATH\CodeIgniter.php(499): CodeIgniter\CodeIgniter->runController(Object(App\Controllers\usuario))
 6 SYSTEMPATH\CodeIgniter.php(368): CodeIgniter\CodeIgniter->handleRequest(null, Object(Config\Cache), false)
 7 FCPATH\index.php(67): CodeIgniter\CodeIgniter->run()
CRITICAL - 2023-05-19 20:51:46 --> Undefined array key "nombre"
in APPPATH\Views\editProfile.php on line 10.
 1 APPPATH\Views\editProfile.php(10): CodeIgniter\Debug\Exceptions->errorHandler(2, 'Undefined array key "nombre"', 'D:\\wamp64\\www\\mascotas\\app\\Views\\editProfile.php', 10)
 2 SYSTEMPATH\View\View.php(213): include('D:\\wamp64\\www\\mascotas\\app\\Views\\editProfile.php')
 3 SYSTEMPATH\View\View.php(216): CodeIgniter\View\View->CodeIgniter\View\{closure}()
 4 SYSTEMPATH\Common.php(1184): CodeIgniter\View\View->render('editProfile', [], true)
 5 APPPATH\Controllers\usuario.php(22): view('editProfile', [...])
 6 SYSTEMPATH\CodeIgniter.php(934): App\Controllers\usuario->edit()
 7 SYSTEMPATH\CodeIgniter.php(499): CodeIgniter\CodeIgniter->runController(Object(App\Controllers\usuario))
 8 SYSTEMPATH\CodeIgniter.php(368): CodeIgniter\CodeIgniter->handleRequest(null, Object(Config\Cache), false)
 9 FCPATH\index.php(67): CodeIgniter\CodeIgniter->run()
CRITICAL - 2023-05-19 20:54:10 --> Cannot use object of type stdClass as array
in APPPATH\Views\editProfile.php on line 9.
 1 SYSTEMPATH\View\View.php(213): include()
 2 SYSTEMPATH\View\View.php(216): CodeIgniter\View\View->CodeIgniter\View\{closure}()
 3 SYSTEMPATH\Common.php(1184): CodeIgniter\View\View->render('editProfile', [], true)
 4 APPPATH\Controllers\usuario.php(22): view('editProfile', [...])
 5 SYSTEMPATH\CodeIgniter.php(934): App\Controllers\usuario->edit()
 6 SYSTEMPATH\CodeIgniter.php(499): CodeIgniter\CodeIgniter->runController(Object(App\Controllers\usuario))
 7 SYSTEMPATH\CodeIgniter.php(368): CodeIgniter\CodeIgniter->handleRequest(null, Object(Config\Cache), false)
 8 FCPATH\index.php(67): CodeIgniter\CodeIgniter->run()
CRITICAL - 2023-05-19 20:54:32 --> Cannot use object of type stdClass as array
in APPPATH\Views\editProfile.php on line 9.
 1 SYSTEMPATH\View\View.php(213): include()
 2 SYSTEMPATH\View\View.php(216): CodeIgniter\View\View->CodeIgniter\View\{closure}()
 3 SYSTEMPATH\Common.php(1184): CodeIgniter\View\View->render('editProfile', [], true)
 4 APPPATH\Controllers\usuario.php(22): view('editProfile', [...])
 5 SYSTEMPATH\CodeIgniter.php(934): App\Controllers\usuario->edit()
 6 SYSTEMPATH\CodeIgniter.php(499): CodeIgniter\CodeIgniter->runController(Object(App\Controllers\usuario))
 7 SYSTEMPATH\CodeIgniter.php(368): CodeIgniter\CodeIgniter->handleRequest(null, Object(Config\Cache), false)
 8 FCPATH\index.php(67): CodeIgniter\CodeIgniter->run()
CRITICAL - 2023-05-19 20:54:43 --> Undefined variable $nombre
in APPPATH\Views\editProfile.php on line 10.
 1 APPPATH\Views\editProfile.php(10): CodeIgniter\Debug\Exceptions->errorHandler(2, 'Undefined variable $nombre', 'D:\\wamp64\\www\\mascotas\\app\\Views\\editProfile.php', 10)
 2 SYSTEMPATH\View\View.php(213): include('D:\\wamp64\\www\\mascotas\\app\\Views\\editProfile.php')
 3 SYSTEMPATH\View\View.php(216): CodeIgniter\View\View->CodeIgniter\View\{closure}()
 4 SYSTEMPATH\Common.php(1184): CodeIgniter\View\View->render('editProfile', [], true)
 5 APPPATH\Controllers\usuario.php(22): view('editProfile', [...])
 6 SYSTEMPATH\CodeIgniter.php(934): App\Controllers\usuario->edit()
 7 SYSTEMPATH\CodeIgniter.php(499): CodeIgniter\CodeIgniter->runController(Object(App\Controllers\usuario))
 8 SYSTEMPATH\CodeIgniter.php(368): CodeIgniter\CodeIgniter->handleRequest(null, Object(Config\Cache), false)
 9 FCPATH\index.php(67): CodeIgniter\CodeIgniter->run()
CRITICAL - 2023-05-19 21:02:25 --> Cannot use object of type stdClass as array
in APPPATH\Views\editProfile.php on line 46.
 1 SYSTEMPATH\View\View.php(213): include()
 2 SYSTEMPATH\View\View.php(216): CodeIgniter\View\View->CodeIgniter\View\{closure}()
 3 SYSTEMPATH\Common.php(1184): CodeIgniter\View\View->render('editProfile', [], true)
 4 APPPATH\Controllers\usuario.php(22): view('editProfile', [...])
 5 SYSTEMPATH\CodeIgniter.php(934): App\Controllers\usuario->edit()
 6 SYSTEMPATH\CodeIgniter.php(499): CodeIgniter\CodeIgniter->runController(Object(App\Controllers\usuario))
 7 SYSTEMPATH\CodeIgniter.php(368): CodeIgniter\CodeIgniter->handleRequest(null, Object(Config\Cache), false)
 8 FCPATH\index.php(67): CodeIgniter\CodeIgniter->run()
